<?xml version="1.0" encoding="UTF-8"?>
<?xml-stylesheet type="text/xsl" href="ivy-report.xsl"?>
<ivy-report version="1.0">
	<info
		organisation="junit-test-coverage"
		module="junit-test-coverage"
		revision="1.0"
		conf="plugin"
		confs="compile, runtime, test, provided, optional, compile-internal, runtime-internal, test-internal, plugin, pom, scala-tool"
		date="20171008213545"/>
	<dependencies>
	</dependencies>
</ivy-report>
