<?xml version="1.0" encoding="UTF-8"?>
<?xml-stylesheet type="text/xsl" href="ivy-report.xsl"?>
<ivy-report version="1.0">
	<info
		organisation="junit-test-coverage"
		module="junit-test-coverage"
		revision="1.0"
		conf="test"
		confs="compile, runtime, test, provided, optional, compile-internal, runtime-internal, test-internal, plugin, pom, scala-tool"
		date="20171008213545"/>
	<dependencies>
		<module organisation="com.novocode" name="junit-interface">
			<revision name="0.11" status="release" pubdate="20140814032745" resolver="sbt-chain" artresolver="sbt-chain" homepage="http://github.com/sbt/junit-interface/" downloaded="false" searched="false" default="false" conf="default, compile, runtime, default(compile), master" position="63">
				<license name="Two-clause BSD-style license" url="http://github.com/sbt/junit-interface/blob/master/LICENSE.txt"/>
				<metadata-artifact status="no" details="" size="2899" time="0" location="C:\Users\Ashwani-PC\.ivy2\cache\com.novocode\junit-interface\ivy-0.11.xml" searched="false" origin-is-local="false" origin-location="https://repo1.maven.org/maven2/com/novocode/junit-interface/0.11/junit-interface-0.11.pom"/>
				<caller organisation="junit-test-coverage" name="junit-test-coverage" conf="test, compile, runtime" rev="0.11" rev-constraint-default="0.11" rev-constraint-dynamic="0.11" callerrev="1.0"/>
				<artifacts>
					<artifact name="junit-interface" type="jar" ext="jar" status="no" details="" size="30341" time="0" location="C:\Users\Ashwani-PC\.ivy2\cache\com.novocode\junit-interface\jars\junit-interface-0.11.jar">
						<origin-location is-local="false" location="https://repo1.maven.org/maven2/com/novocode/junit-interface/0.11/junit-interface-0.11.jar"/>
					</artifact>
				</artifacts>
			</revision>
		</module>
		<module organisation="org.scala-sbt" name="test-interface">
			<revision name="1.0" status="release" pubdate="20130628154435" resolver="sbt-chain" artresolver="sbt-chain" homepage="http://www.scala-sbt.org" downloaded="false" searched="false" default="false" conf="compile, runtime(*), master(compile), runtime, compile(*), master" position="64">
				<license name="BSD" url="https://github.com/sbt/test-interface/blob/master/LICENSE"/>
				<metadata-artifact status="no" details="" size="2580" time="0" location="C:\Users\Ashwani-PC\.ivy2\cache\org.scala-sbt\test-interface\ivy-1.0.xml" searched="false" origin-is-local="false" origin-location="file:/C:/Users/Ashwani-PC/.sbt/preloaded/org.scala-sbt/test-interface/1.0/ivys/ivy.xml"/>
				<caller organisation="com.novocode" name="junit-interface" conf="default, compile, runtime, master" rev="1.0" rev-constraint-default="1.0" rev-constraint-dynamic="1.0" callerrev="0.11"/>
				<artifacts>
					<artifact name="test-interface" type="jar" ext="jar" status="no" details="" size="14755" time="0" location="C:\Users\Ashwani-PC\.ivy2\cache\org.scala-sbt\test-interface\jars\test-interface-1.0.jar">
						<origin-location is-local="false" location="file:/C:/Users/Ashwani-PC/.sbt/preloaded/org.scala-sbt/test-interface/1.0/jars/test-interface.jar"/>
					</artifact>
				</artifacts>
			</revision>
		</module>
		<module organisation="junit" name="junit">
			<revision name="4.12" status="release" pubdate="20141204101743" resolver="sbt-chain" artresolver="sbt-chain" homepage="http://junit.org" downloaded="false" searched="false" default="false" conf="default, compile, runtime, default(compile), master, runtime(*), master(compile), compile(*)" position="61">
				<license name="Eclipse Public License 1.0" url="http://www.eclipse.org/legal/epl-v10.html"/>
				<metadata-artifact status="no" details="" size="3354" time="0" location="C:\Users\Ashwani-PC\.ivy2\cache\junit\junit\ivy-4.12.xml" searched="false" origin-is-local="false" origin-location="https://repo1.maven.org/maven2/junit/junit/4.12/junit-4.12.pom"/>
				<caller organisation="junit-test-coverage" name="junit-test-coverage" conf="test, compile, runtime" rev="4.12" rev-constraint-default="4.12" rev-constraint-dynamic="4.12" callerrev="1.0"/>
				<caller organisation="com.novocode" name="junit-interface" conf="default, compile, runtime, master" rev="4.11" rev-constraint-default="4.11" rev-constraint-dynamic="4.11" callerrev="0.11"/>
				<caller organisation="commons-httpclient" name="commons-httpclient" conf="compile, runtime" rev="3.8.1" rev-constraint-default="3.8.1" rev-constraint-dynamic="3.8.1" callerrev="3.0.1"/>
				<caller organisation="org.apache.hadoop" name="hadoop-core" conf="default, compile, runtime, master" rev="4.5" rev-constraint-default="4.5" rev-constraint-dynamic="4.5" callerrev="0.20.2"/>
				<artifacts>
					<artifact name="junit" type="jar" ext="jar" status="no" details="" size="314932" time="0" location="C:\Users\Ashwani-PC\.ivy2\cache\junit\junit\jars\junit-4.12.jar">
						<origin-location is-local="false" location="https://repo1.maven.org/maven2/junit/junit/4.12/junit-4.12.jar"/>
					</artifact>
				</artifacts>
			</revision>
			<revision name="4.5" status="release" pubdate="20080904082928" resolver="sbt-chain" artresolver="sbt-chain" evicted="latest-revision" evicted-reason="" homepage="http://junit.org" downloaded="false" searched="false" default="false" conf="compile, runtime(*), master(compile), runtime, compile(*), master" position="-1">
				<license name="Common Public License Version 1.0" url="http://www.opensource.org/licenses/cpl1.0.txt"/>
				<metadata-artifact status="no" details="" size="2611" time="0" location="C:\Users\Ashwani-PC\.ivy2\cache\junit\junit\ivy-4.5.xml" searched="false" origin-is-local="false" origin-location="https://repo1.maven.org/maven2/junit/junit/4.5/junit-4.5.pom"/>
				<evicted-by rev="4.12"/>
				<caller organisation="commons-httpclient" name="commons-httpclient" conf="compile, runtime" rev="3.8.1" rev-constraint-default="3.8.1" rev-constraint-dynamic="3.8.1" callerrev="3.0.1"/>
				<caller organisation="org.apache.hadoop" name="hadoop-core" conf="default, compile, runtime, master" rev="4.5" rev-constraint-default="4.5" rev-constraint-dynamic="4.5" callerrev="0.20.2"/>
				<artifacts>
				</artifacts>
			</revision>
			<revision name="4.11" evicted="latest-revision" evicted-reason="" downloaded="false" searched="false" conf="compile, runtime(*), master(compile), runtime, compile(*), master" position="-1">
				<evicted-by rev="4.12"/>
				<caller organisation="com.novocode" name="junit-interface" conf="default, compile, runtime, master" rev="4.11" rev-constraint-default="4.11" rev-constraint-dynamic="4.11" callerrev="0.11"/>
				<artifacts>
				</artifacts>
			</revision>
			<revision name="3.8.1" evicted="latest-revision" evicted-reason="" downloaded="false" searched="false" conf="runtime(*), master(compile), compile(*), master" position="-1">
				<evicted-by rev="4.12"/>
				<caller organisation="commons-httpclient" name="commons-httpclient" conf="compile, runtime" rev="3.8.1" rev-constraint-default="3.8.1" rev-constraint-dynamic="3.8.1" callerrev="3.0.1"/>
				<artifacts>
				</artifacts>
			</revision>
		</module>
		<module organisation="org.hamcrest" name="hamcrest-core">
			<revision name="1.3" status="release" pubdate="20120709160802" resolver="sbt-chain" artresolver="sbt-chain" homepage="" downloaded="false" searched="false" default="false" conf="compile, runtime(*), master(compile), runtime, compile(*), master" position="62">
				<license name="New BSD License" url="http://www.opensource.org/licenses/bsd-license.php"/>
				<metadata-artifact status="no" details="" size="2647" time="0" location="C:\Users\Ashwani-PC\.ivy2\cache\org.hamcrest\hamcrest-core\ivy-1.3.xml" searched="false" origin-is-local="false" origin-location="https://repo1.maven.org/maven2/org/hamcrest/hamcrest-core/1.3/hamcrest-core-1.3.pom"/>
				<caller organisation="junit" name="junit" conf="default, compile, runtime, master" rev="1.3" rev-constraint-default="1.3" rev-constraint-dynamic="1.3" callerrev="4.12"/>
				<artifacts>
					<artifact name="hamcrest-core" type="jar" ext="jar" status="no" details="" size="45024" time="0" location="C:\Users\Ashwani-PC\.ivy2\cache\org.hamcrest\hamcrest-core\jars\hamcrest-core-1.3.jar">
						<origin-location is-local="false" location="https://repo1.maven.org/maven2/org/hamcrest/hamcrest-core/1.3/hamcrest-core-1.3.jar"/>
					</artifact>
				</artifacts>
			</revision>
		</module>
		<module organisation="org.apache.hadoop" name="hadoop-core">
			<revision name="0.20.2" status="release" pubdate="20100310152343" resolver="sbt-chain" artresolver="sbt-chain" homepage="" downloaded="false" searched="false" default="false" conf="default, compile, runtime, default(compile), master" position="44">
				<metadata-artifact status="no" details="" size="5070" time="0" location="C:\Users\Ashwani-PC\.ivy2\cache\org.apache.hadoop\hadoop-core\ivy-0.20.2.xml" searched="false" origin-is-local="false" origin-location="https://repo1.maven.org/maven2/org/apache/hadoop/hadoop-core/0.20.2/hadoop-core-0.20.2.pom"/>
				<caller organisation="junit-test-coverage" name="junit-test-coverage" conf="test, compile, runtime" rev="0.20.2" rev-constraint-default="0.20.2" rev-constraint-dynamic="0.20.2" callerrev="1.0"/>
				<artifacts>
					<artifact name="hadoop-core" type="jar" ext="jar" status="no" details="" size="2687928" time="0" location="C:\Users\Ashwani-PC\.ivy2\cache\org.apache.hadoop\hadoop-core\jars\hadoop-core-0.20.2.jar">
						<origin-location is-local="false" location="https://repo1.maven.org/maven2/org/apache/hadoop/hadoop-core/0.20.2/hadoop-core-0.20.2.jar"/>
					</artifact>
				</artifacts>
			</revision>
		</module>
		<module organisation="hsqldb" name="hsqldb">
			<revision name="1.8.0.10" status="release" pubdate="20090519162027" resolver="sbt-chain" artresolver="sbt-chain" homepage="http://hsqldb.org/" downloaded="false" searched="false" default="false" conf="compile, runtime(*), master(compile), runtime, compile(*), master" position="60">
				<license name="HSQLDB License" url="http://hsqldb.org/web/hsqlLicense.html"/>
				<metadata-artifact status="no" details="" size="2496" time="0" location="C:\Users\Ashwani-PC\.ivy2\cache\hsqldb\hsqldb\ivy-1.8.0.10.xml" searched="false" origin-is-local="false" origin-location="https://repo1.maven.org/maven2/hsqldb/hsqldb/1.8.0.10/hsqldb-1.8.0.10.pom"/>
				<caller organisation="org.apache.hadoop" name="hadoop-core" conf="default, compile, runtime, master" rev="1.8.0.10" rev-constraint-default="1.8.0.10" rev-constraint-dynamic="1.8.0.10" callerrev="0.20.2"/>
				<artifacts>
					<artifact name="hsqldb" type="jar" ext="jar" status="no" details="" size="706710" time="0" location="C:\Users\Ashwani-PC\.ivy2\cache\hsqldb\hsqldb\jars\hsqldb-1.8.0.10.jar">
						<origin-location is-local="false" location="https://repo1.maven.org/maven2/hsqldb/hsqldb/1.8.0.10/hsqldb-1.8.0.10.jar"/>
					</artifact>
				</artifacts>
			</revision>
		</module>
		<module organisation="net.sf.kosmosfs" name="kfs">
			<revision name="0.3" status="release" pubdate="20090519162051" resolver="sbt-chain" artresolver="sbt-chain" homepage="http://kosmosfs.sourceforge.net/" downloaded="false" searched="false" default="false" conf="compile, runtime(*), master(compile), runtime, compile(*), master" position="59">
				<license name="The Apache Software License, Version 2.0" url="http://www.apache.org/licenses/LICENSE-2.0.txt"/>
				<metadata-artifact status="no" details="" size="2601" time="0" location="C:\Users\Ashwani-PC\.ivy2\cache\net.sf.kosmosfs\kfs\ivy-0.3.xml" searched="false" origin-is-local="false" origin-location="https://repo1.maven.org/maven2/net/sf/kosmosfs/kfs/0.3/kfs-0.3.pom"/>
				<caller organisation="org.apache.hadoop" name="hadoop-core" conf="default, compile, runtime, master" rev="0.3" rev-constraint-default="0.3" rev-constraint-dynamic="0.3" callerrev="0.20.2"/>
				<artifacts>
					<artifact name="kfs" type="jar" ext="jar" status="no" details="" size="11981" time="0" location="C:\Users\Ashwani-PC\.ivy2\cache\net.sf.kosmosfs\kfs\jars\kfs-0.3.jar">
						<origin-location is-local="false" location="https://repo1.maven.org/maven2/net/sf/kosmosfs/kfs/0.3/kfs-0.3.jar"/>
					</artifact>
				</artifacts>
			</revision>
		</module>
		<module organisation="net.java.dev.jets3t" name="jets3t">
			<revision name="0.7.1" status="release" pubdate="20090510002320" resolver="sbt-chain" artresolver="sbt-chain" homepage="http://jets3t.s3.amazonaws.com/index.html" downloaded="false" searched="false" default="false" conf="compile, runtime(*), master(compile), runtime, compile(*), master" position="58">
				<license name="Apache License, Version 2.0" url="http://www.apache.org/licenses/LICENSE-2.0"/>
				<metadata-artifact status="no" details="" size="3235" time="0" location="C:\Users\Ashwani-PC\.ivy2\cache\net.java.dev.jets3t\jets3t\ivy-0.7.1.xml" searched="false" origin-is-local="false" origin-location="https://repo1.maven.org/maven2/net/java/dev/jets3t/jets3t/0.7.1/jets3t-0.7.1.pom"/>
				<caller organisation="org.apache.hadoop" name="hadoop-core" conf="default, compile, runtime, master" rev="0.7.1" rev-constraint-default="0.7.1" rev-constraint-dynamic="0.7.1" callerrev="0.20.2"/>
				<artifacts>
					<artifact name="jets3t" type="jar" ext="jar" status="no" details="" size="377780" time="0" location="C:\Users\Ashwani-PC\.ivy2\cache\net.java.dev.jets3t\jets3t\jars\jets3t-0.7.1.jar">
						<origin-location is-local="false" location="https://repo1.maven.org/maven2/net/java/dev/jets3t/jets3t/0.7.1/jets3t-0.7.1.jar"/>
					</artifact>
				</artifacts>
			</revision>
		</module>
		<module organisation="commons-el" name="commons-el">
			<revision name="1.0" status="release" pubdate="20051108162050" resolver="sbt-chain" artresolver="sbt-chain" homepage="http://jakarta.apache.org/commons/el/" downloaded="false" searched="false" default="false" conf="compile, runtime(*), master(compile), runtime, compile(*), master" position="57">
				<license name="The Apache Software License, Version 2.0" url="/LICENSE.txt"/>
				<metadata-artifact status="no" details="" size="3087" time="0" location="C:\Users\Ashwani-PC\.ivy2\cache\commons-el\commons-el\ivy-1.0.xml" searched="false" origin-is-local="false" origin-location="https://repo1.maven.org/maven2/commons-el/commons-el/1.0/commons-el-1.0.pom"/>
				<caller organisation="org.apache.hadoop" name="hadoop-core" conf="default, compile, runtime, master" rev="1.0" rev-constraint-default="1.0" rev-constraint-dynamic="1.0" callerrev="0.20.2"/>
				<artifacts>
					<artifact name="commons-el" type="jar" ext="jar" status="no" details="" size="112341" time="0" location="C:\Users\Ashwani-PC\.ivy2\cache\commons-el\commons-el\jars\commons-el-1.0.jar">
						<origin-location is-local="false" location="https://repo1.maven.org/maven2/commons-el/commons-el/1.0/commons-el-1.0.jar"/>
					</artifact>
				</artifacts>
			</revision>
		</module>
		<module organisation="org.mortbay.jetty" name="jsp-2.1">
			<revision name="6.1.14" status="release" pubdate="20081113185031" resolver="sbt-chain" artresolver="sbt-chain" homepage="" downloaded="false" searched="false" default="false" conf="compile, runtime(*), master(compile), runtime, compile(*), master" position="54">
				<license name="CDDL 1.0" url="https://glassfish.dev.java.net/public/CDDLv1.0.html"/>
				<metadata-artifact status="no" details="" size="6315" time="0" location="C:\Users\Ashwani-PC\.ivy2\cache\org.mortbay.jetty\jsp-2.1\ivy-6.1.14.xml" searched="false" origin-is-local="false" origin-location="https://repo1.maven.org/maven2/org/mortbay/jetty/jsp-2.1/6.1.14/jsp-2.1-6.1.14.pom"/>
				<caller organisation="org.apache.hadoop" name="hadoop-core" conf="default, compile, runtime, master" rev="6.1.14" rev-constraint-default="6.1.14" rev-constraint-dynamic="6.1.14" callerrev="0.20.2"/>
				<artifacts>
					<artifact name="jsp-2.1" type="jar" ext="jar" status="no" details="" size="1024680" time="0" location="C:\Users\Ashwani-PC\.ivy2\cache\org.mortbay.jetty\jsp-2.1\jars\jsp-2.1-6.1.14.jar">
						<origin-location is-local="false" location="https://repo1.maven.org/maven2/org/mortbay/jetty/jsp-2.1/6.1.14/jsp-2.1-6.1.14.jar"/>
					</artifact>
				</artifacts>
			</revision>
		</module>
		<module organisation="org.eclipse.jdt" name="core">
			<revision name="3.1.1" status="release" pubdate="20060831123226" resolver="sbt-chain" artresolver="sbt-chain" homepage="http://www.eclipse.org/jdt/" downloaded="false" searched="false" default="false" conf="compile, runtime(*), master(compile), runtime, compile(*), master" position="55">
				<license name="Eclipse Public License v1.0" url="http://www.eclipse.org/org/documents/epl-v10.php"/>
				<metadata-artifact status="no" details="" size="2469" time="0" location="C:\Users\Ashwani-PC\.ivy2\cache\org.eclipse.jdt\core\ivy-3.1.1.xml" searched="false" origin-is-local="false" origin-location="https://repo1.maven.org/maven2/org/eclipse/jdt/core/3.1.1/core-3.1.1.pom"/>
				<caller organisation="org.mortbay.jetty" name="jsp-2.1" conf="compile, runtime" rev="3.1.1" rev-constraint-default="3.1.1" rev-constraint-dynamic="3.1.1" callerrev="6.1.14"/>
				<caller organisation="org.apache.hadoop" name="hadoop-core" conf="default, compile, runtime, master" rev="3.1.1" rev-constraint-default="3.1.1" rev-constraint-dynamic="3.1.1" callerrev="0.20.2"/>
				<artifacts>
					<artifact name="core" type="jar" ext="jar" status="no" details="" size="3566844" time="0" location="C:\Users\Ashwani-PC\.ivy2\cache\org.eclipse.jdt\core\jars\core-3.1.1.jar">
						<origin-location is-local="false" location="https://repo1.maven.org/maven2/org/eclipse/jdt/core/3.1.1/core-3.1.1.jar"/>
					</artifact>
				</artifacts>
			</revision>
		</module>
		<module organisation="org.mortbay.jetty" name="jsp-api-2.1">
			<revision name="6.1.14" status="release" pubdate="20081113185002" resolver="sbt-chain" artresolver="sbt-chain" homepage="" downloaded="false" searched="false" default="false" conf="compile, runtime(*), master(compile), runtime, compile(*), master" position="53">
				<license name="Apache License Version 2.0" url="http://www.apache.org/licenses/LICENSE-2.0"/>
				<metadata-artifact status="no" details="" size="5590" time="0" location="C:\Users\Ashwani-PC\.ivy2\cache\org.mortbay.jetty\jsp-api-2.1\ivy-6.1.14.xml" searched="false" origin-is-local="false" origin-location="https://repo1.maven.org/maven2/org/mortbay/jetty/jsp-api-2.1/6.1.14/jsp-api-2.1-6.1.14.pom"/>
				<caller organisation="org.mortbay.jetty" name="jsp-2.1" conf="compile, runtime" rev="6.1.14" rev-constraint-default="6.1.14" rev-constraint-dynamic="6.1.14" callerrev="6.1.14"/>
				<caller organisation="org.apache.hadoop" name="hadoop-core" conf="default, compile, runtime, master" rev="6.1.14" rev-constraint-default="6.1.14" rev-constraint-dynamic="6.1.14" callerrev="0.20.2"/>
				<artifacts>
					<artifact name="jsp-api-2.1" type="jar" ext="jar" status="no" details="" size="134910" time="0" location="C:\Users\Ashwani-PC\.ivy2\cache\org.mortbay.jetty\jsp-api-2.1\jars\jsp-api-2.1-6.1.14.jar">
						<origin-location is-local="false" location="https://repo1.maven.org/maven2/org/mortbay/jetty/jsp-api-2.1/6.1.14/jsp-api-2.1-6.1.14.jar"/>
					</artifact>
				</artifacts>
			</revision>
		</module>
		<module organisation="tomcat" name="jasper-compiler">
			<revision name="5.5.12" status="release" pubdate="20051113193108" resolver="sbt-chain" artresolver="sbt-chain" homepage="" downloaded="false" searched="false" default="false" conf="compile, runtime(*), master(compile), runtime, compile(*), master" position="52">
				<metadata-artifact status="no" details="" size="2351" time="0" location="C:\Users\Ashwani-PC\.ivy2\cache\tomcat\jasper-compiler\ivy-5.5.12.xml" searched="false" origin-is-local="false" origin-location="https://repo1.maven.org/maven2/tomcat/jasper-compiler/5.5.12/jasper-compiler-5.5.12.pom"/>
				<caller organisation="org.apache.hadoop" name="hadoop-core" conf="default, compile, runtime, master" rev="5.5.12" rev-constraint-default="5.5.12" rev-constraint-dynamic="5.5.12" callerrev="0.20.2"/>
				<artifacts>
					<artifact name="jasper-compiler" type="jar" ext="jar" status="no" details="" size="405086" time="0" location="C:\Users\Ashwani-PC\.ivy2\cache\tomcat\jasper-compiler\jars\jasper-compiler-5.5.12.jar">
						<origin-location is-local="false" location="https://repo1.maven.org/maven2/tomcat/jasper-compiler/5.5.12/jasper-compiler-5.5.12.jar"/>
					</artifact>
				</artifacts>
			</revision>
		</module>
		<module organisation="tomcat" name="jasper-runtime">
			<revision name="5.5.12" status="release" pubdate="20051113193108" resolver="sbt-chain" artresolver="sbt-chain" homepage="" downloaded="false" searched="false" default="false" conf="compile, runtime(*), master(compile), runtime, compile(*), master" position="51">
				<metadata-artifact status="no" details="" size="2349" time="0" location="C:\Users\Ashwani-PC\.ivy2\cache\tomcat\jasper-runtime\ivy-5.5.12.xml" searched="false" origin-is-local="false" origin-location="https://repo1.maven.org/maven2/tomcat/jasper-runtime/5.5.12/jasper-runtime-5.5.12.pom"/>
				<caller organisation="org.apache.hadoop" name="hadoop-core" conf="default, compile, runtime, master" rev="5.5.12" rev-constraint-default="5.5.12" rev-constraint-dynamic="5.5.12" callerrev="0.20.2"/>
				<artifacts>
					<artifact name="jasper-runtime" type="jar" ext="jar" status="no" details="" size="76698" time="0" location="C:\Users\Ashwani-PC\.ivy2\cache\tomcat\jasper-runtime\jars\jasper-runtime-5.5.12.jar">
						<origin-location is-local="false" location="https://repo1.maven.org/maven2/tomcat/jasper-runtime/5.5.12/jasper-runtime-5.5.12.jar"/>
					</artifact>
				</artifacts>
			</revision>
		</module>
		<module organisation="org.mortbay.jetty" name="jetty">
			<revision name="6.1.14" status="release" pubdate="20081113184945" resolver="sbt-chain" artresolver="sbt-chain" homepage="" downloaded="false" searched="false" default="false" conf="compile, runtime(*), master(compile), runtime, compile(*), master" position="49">
				<license name="Apache License Version 2.0" url="http://www.apache.org/licenses/LICENSE-2.0"/>
				<metadata-artifact status="no" details="" size="5699" time="0" location="C:\Users\Ashwani-PC\.ivy2\cache\org.mortbay.jetty\jetty\ivy-6.1.14.xml" searched="false" origin-is-local="false" origin-location="https://repo1.maven.org/maven2/org/mortbay/jetty/jetty/6.1.14/jetty-6.1.14.pom"/>
				<caller organisation="org.apache.hadoop" name="hadoop-core" conf="default, compile, runtime, master" rev="6.1.14" rev-constraint-default="6.1.14" rev-constraint-dynamic="6.1.14" callerrev="0.20.2"/>
				<artifacts>
					<artifact name="jetty" type="jar" ext="jar" status="no" details="" size="516429" time="0" location="C:\Users\Ashwani-PC\.ivy2\cache\org.mortbay.jetty\jetty\jars\jetty-6.1.14.jar">
						<origin-location is-local="false" location="https://repo1.maven.org/maven2/org/mortbay/jetty/jetty/6.1.14/jetty-6.1.14.jar"/>
					</artifact>
				</artifacts>
			</revision>
		</module>
		<module organisation="org.mortbay.jetty" name="servlet-api-2.5">
			<revision name="6.1.14" status="release" pubdate="20081113184905" resolver="sbt-chain" artresolver="sbt-chain" homepage="" downloaded="false" searched="false" default="false" conf="compile, runtime(*), master(compile), runtime, compile(*), master" position="50">
				<license name="CDDL 1.0" url="https://glassfish.dev.java.net/public/CDDLv1.0.html"/>
				<metadata-artifact status="no" details="" size="5331" time="0" location="C:\Users\Ashwani-PC\.ivy2\cache\org.mortbay.jetty\servlet-api-2.5\ivy-6.1.14.xml" searched="false" origin-is-local="false" origin-location="https://repo1.maven.org/maven2/org/mortbay/jetty/servlet-api-2.5/6.1.14/servlet-api-2.5-6.1.14.pom"/>
				<caller organisation="org.mortbay.jetty" name="jsp-api-2.1" conf="compile, runtime" rev="6.1.14" rev-constraint-default="6.1.14" rev-constraint-dynamic="6.1.14" callerrev="6.1.14"/>
				<caller organisation="org.mortbay.jetty" name="jetty" conf="compile, runtime" rev="6.1.14" rev-constraint-default="6.1.14" rev-constraint-dynamic="6.1.14" callerrev="6.1.14"/>
				<caller organisation="org.apache.hadoop" name="hadoop-core" conf="default, compile, runtime, master" rev="6.1.14" rev-constraint-default="6.1.14" rev-constraint-dynamic="6.1.14" callerrev="0.20.2"/>
				<artifacts>
					<artifact name="servlet-api-2.5" type="jar" ext="jar" status="no" details="" size="132368" time="0" location="C:\Users\Ashwani-PC\.ivy2\cache\org.mortbay.jetty\servlet-api-2.5\jars\servlet-api-2.5-6.1.14.jar">
						<origin-location is-local="false" location="https://repo1.maven.org/maven2/org/mortbay/jetty/servlet-api-2.5/6.1.14/servlet-api-2.5-6.1.14.jar"/>
					</artifact>
				</artifacts>
			</revision>
		</module>
		<module organisation="commons-net" name="commons-net">
			<revision name="1.4.1" status="release" pubdate="20051221062333" resolver="sbt-chain" artresolver="sbt-chain" homepage="http://jakarta.apache.org/commons/${pom.artifactId.substring(8)}/" downloaded="false" searched="false" default="false" conf="compile, runtime(*), master(compile), runtime, compile(*), master" position="47">
				<license name="The Apache Software License, Version 2.0" url="/LICENSE.txt"/>
				<metadata-artifact status="no" details="" size="2749" time="0" location="C:\Users\Ashwani-PC\.ivy2\cache\commons-net\commons-net\ivy-1.4.1.xml" searched="false" origin-is-local="false" origin-location="https://repo1.maven.org/maven2/commons-net/commons-net/1.4.1/commons-net-1.4.1.pom"/>
				<caller organisation="org.apache.hadoop" name="hadoop-core" conf="default, compile, runtime, master" rev="1.4.1" rev-constraint-default="1.4.1" rev-constraint-dynamic="1.4.1" callerrev="0.20.2"/>
				<artifacts>
					<artifact name="commons-net" type="jar" ext="jar" status="no" details="" size="180792" time="0" location="C:\Users\Ashwani-PC\.ivy2\cache\commons-net\commons-net\jars\commons-net-1.4.1.jar">
						<origin-location is-local="false" location="https://repo1.maven.org/maven2/commons-net/commons-net/1.4.1/commons-net-1.4.1.jar"/>
					</artifact>
				</artifacts>
			</revision>
		</module>
		<module organisation="commons-httpclient" name="commons-httpclient">
			<revision name="3.0.1" status="release" pubdate="20060507153159" resolver="sbt-chain" artresolver="sbt-chain" homepage="http://jakarta.apache.org/commons/httpclient/" downloaded="false" searched="false" default="false" conf="compile, runtime(*), master(compile), runtime, compile(*), master" position="46">
				<license name="Apache License" url="http://www.apache.org/licenses/LICENSE-2.0"/>
				<metadata-artifact status="no" details="" size="3347" time="0" location="C:\Users\Ashwani-PC\.ivy2\cache\commons-httpclient\commons-httpclient\ivy-3.0.1.xml" searched="false" origin-is-local="false" origin-location="https://repo1.maven.org/maven2/commons-httpclient/commons-httpclient/3.0.1/commons-httpclient-3.0.1.pom"/>
				<caller organisation="net.java.dev.jets3t" name="jets3t" conf="compile, runtime" rev="3.1" rev-constraint-default="3.1" rev-constraint-dynamic="3.1" callerrev="0.7.1"/>
				<caller organisation="org.apache.hadoop" name="hadoop-core" conf="default, compile, runtime, master" rev="3.0.1" rev-constraint-default="3.0.1" rev-constraint-dynamic="3.0.1" callerrev="0.20.2"/>
				<artifacts>
					<artifact name="commons-httpclient" type="jar" ext="jar" status="no" details="" size="279781" time="0" location="C:\Users\Ashwani-PC\.ivy2\cache\commons-httpclient\commons-httpclient\jars\commons-httpclient-3.0.1.jar">
						<origin-location is-local="false" location="https://repo1.maven.org/maven2/commons-httpclient/commons-httpclient/3.0.1/commons-httpclient-3.0.1.jar"/>
					</artifact>
				</artifacts>
			</revision>
			<revision name="3.1" evicted="latest-revision" evicted-reason="" downloaded="false" searched="false" conf="compile, runtime(*), master(compile), runtime, compile(*), master" position="-1">
				<evicted-by rev="3.0.1"/>
				<caller organisation="net.java.dev.jets3t" name="jets3t" conf="compile, runtime" rev="3.1" rev-constraint-default="3.1" rev-constraint-dynamic="3.1" callerrev="0.7.1"/>
				<artifacts>
				</artifacts>
			</revision>
		</module>
		<module organisation="xmlenc" name="xmlenc">
			<revision name="0.52" status="release" pubdate="20061123202444" resolver="sbt-chain" artresolver="sbt-chain" homepage="http://xmlenc.sourceforge.net" downloaded="false" searched="false" default="false" conf="compile, runtime(*), master(compile), runtime, compile(*), master" position="45">
				<license name="The BSD License" url="http://www.opensource.org/licenses/bsd-license.php"/>
				<metadata-artifact status="no" details="" size="2489" time="0" location="C:\Users\Ashwani-PC\.ivy2\cache\xmlenc\xmlenc\ivy-0.52.xml" searched="false" origin-is-local="false" origin-location="https://repo1.maven.org/maven2/xmlenc/xmlenc/0.52/xmlenc-0.52.pom"/>
				<caller organisation="org.apache.hadoop" name="hadoop-core" conf="default, compile, runtime, master" rev="0.52" rev-constraint-default="0.52" rev-constraint-dynamic="0.52" callerrev="0.20.2"/>
				<artifacts>
					<artifact name="xmlenc" type="jar" ext="jar" status="no" details="" size="15010" time="0" location="C:\Users\Ashwani-PC\.ivy2\cache\xmlenc\xmlenc\jars\xmlenc-0.52.jar">
						<origin-location is-local="false" location="https://repo1.maven.org/maven2/xmlenc/xmlenc/0.52/xmlenc-0.52.jar"/>
					</artifact>
				</artifacts>
			</revision>
		</module>
		<module organisation="org.apache.hadoop" name="hadoop-mapreduce-client-core">
			<revision name="2.8.1" status="release" pubdate="20170607163311" resolver="sbt-chain" artresolver="sbt-chain" homepage="" downloaded="false" searched="false" default="false" conf="default, compile, runtime, default(compile), master" position="1">
				<license name="Apache License, Version 2.0" url="http://www.apache.org/licenses/LICENSE-2.0.txt"/>
				<metadata-artifact status="no" details="" size="40910" time="0" location="C:\Users\Ashwani-PC\.ivy2\cache\org.apache.hadoop\hadoop-mapreduce-client-core\ivy-2.8.1.xml" searched="false" origin-is-local="false" origin-location="https://repo1.maven.org/maven2/org/apache/hadoop/hadoop-mapreduce-client-core/2.8.1/hadoop-mapreduce-client-core-2.8.1.pom"/>
				<caller organisation="junit-test-coverage" name="junit-test-coverage" conf="test, compile, runtime" rev="2.8.1" rev-constraint-default="2.8.1" rev-constraint-dynamic="2.8.1" callerrev="1.0"/>
				<artifacts>
					<artifact name="hadoop-mapreduce-client-core" type="jar" ext="jar" status="no" details="" size="1573229" time="0" location="C:\Users\Ashwani-PC\.ivy2\cache\org.apache.hadoop\hadoop-mapreduce-client-core\jars\hadoop-mapreduce-client-core-2.8.1.jar">
						<origin-location is-local="false" location="https://repo1.maven.org/maven2/org/apache/hadoop/hadoop-mapreduce-client-core/2.8.1/hadoop-mapreduce-client-core-2.8.1.jar"/>
					</artifact>
				</artifacts>
			</revision>
		</module>
		<module organisation="io.netty" name="netty">
			<revision name="3.6.2.Final" status="release" pubdate="20130116054611" resolver="sbt-chain" artresolver="sbt-chain" homepage="http://netty.io/" downloaded="false" searched="false" default="false" conf="compile, runtime(*), master(compile), runtime, compile(*), master" position="43">
				<license name="Apache License, Version 2.0" url="http://www.apache.org/licenses/LICENSE-2.0"/>
				<metadata-artifact status="no" details="" size="6708" time="0" location="C:\Users\Ashwani-PC\.ivy2\cache\io.netty\netty\ivy-3.6.2.Final.xml" searched="false" origin-is-local="false" origin-location="https://repo1.maven.org/maven2/io/netty/netty/3.6.2.Final/netty-3.6.2.Final.pom"/>
				<caller organisation="org.apache.hadoop" name="hadoop-mapreduce-client-core" conf="default, compile, runtime, master" rev="3.6.2.Final" rev-constraint-default="3.6.2.Final" rev-constraint-dynamic="3.6.2.Final" callerrev="2.8.1"/>
				<artifacts>
					<artifact name="netty" type="bundle" ext="jar" status="no" details="" size="1199572" time="0" location="C:\Users\Ashwani-PC\.ivy2\cache\io.netty\netty\bundles\netty-3.6.2.Final.jar">
						<origin-location is-local="false" location="https://repo1.maven.org/maven2/io/netty/netty/3.6.2.Final/netty-3.6.2.Final.jar"/>
					</artifact>
				</artifacts>
			</revision>
		</module>
		<module organisation="org.slf4j" name="slf4j-log4j12">
			<revision name="1.7.10" status="release" pubdate="20150106141207" resolver="sbt-chain" artresolver="sbt-chain" homepage="http://www.slf4j.org" downloaded="false" searched="false" default="false" conf="compile, runtime(*), master(compile), runtime, compile(*), master" position="42">
				<license name="MIT License" url="http://www.opensource.org/licenses/mit-license.php"/>
				<metadata-artifact status="no" details="" size="4799" time="0" location="C:\Users\Ashwani-PC\.ivy2\cache\org.slf4j\slf4j-log4j12\ivy-1.7.10.xml" searched="false" origin-is-local="false" origin-location="https://repo1.maven.org/maven2/org/slf4j/slf4j-log4j12/1.7.10/slf4j-log4j12-1.7.10.pom"/>
				<caller organisation="org.apache.hadoop" name="hadoop-mapreduce-client-core" conf="default, compile, runtime, master" rev="1.7.10" rev-constraint-default="1.7.10" rev-constraint-dynamic="1.7.10" callerrev="2.8.1"/>
				<artifacts>
					<artifact name="slf4j-log4j12" type="jar" ext="jar" status="no" details="" size="8866" time="0" location="C:\Users\Ashwani-PC\.ivy2\cache\org.slf4j\slf4j-log4j12\jars\slf4j-log4j12-1.7.10.jar">
						<origin-location is-local="false" location="https://repo1.maven.org/maven2/org/slf4j/slf4j-log4j12/1.7.10/slf4j-log4j12-1.7.10.jar"/>
					</artifact>
				</artifacts>
			</revision>
		</module>
		<module organisation="org.apache.avro" name="avro">
			<revision name="1.7.4" status="release" pubdate="20130222115907" resolver="sbt-chain" artresolver="sbt-chain" homepage="http://avro.apache.org" downloaded="false" searched="false" default="false" conf="compile, runtime(*), master(compile), runtime, compile(*), master" position="39">
				<license name="The Apache Software License, Version 2.0" url="http://www.apache.org/licenses/LICENSE-2.0.txt"/>
				<metadata-artifact status="no" details="" size="9872" time="0" location="C:\Users\Ashwani-PC\.ivy2\cache\org.apache.avro\avro\ivy-1.7.4.xml" searched="false" origin-is-local="false" origin-location="https://repo1.maven.org/maven2/org/apache/avro/avro/1.7.4/avro-1.7.4.pom"/>
				<caller organisation="org.apache.hadoop" name="hadoop-mapreduce-client-core" conf="default, compile, runtime, master" rev="1.7.4" rev-constraint-default="1.7.4" rev-constraint-dynamic="1.7.4" callerrev="2.8.1"/>
				<artifacts>
					<artifact name="avro" type="jar" ext="jar" status="no" details="" size="303139" time="0" location="C:\Users\Ashwani-PC\.ivy2\cache\org.apache.avro\avro\jars\avro-1.7.4.jar">
						<origin-location is-local="false" location="https://repo1.maven.org/maven2/org/apache/avro/avro/1.7.4/avro-1.7.4.jar"/>
					</artifact>
				</artifacts>
			</revision>
		</module>
		<module organisation="org.xerial.snappy" name="snappy-java">
			<revision name="1.0.4.1" status="release" pubdate="20111004203507" resolver="sbt-chain" artresolver="sbt-chain" homepage="http://code.google.com/p/snappy-java/" downloaded="false" searched="false" default="false" conf="compile, runtime(*), master(compile), runtime, compile(*), master" position="41">
				<license name="The Apache Software License, Version 2.0" url="http://www.apache.org/licenses/LICENSE-2.0.txt"/>
				<metadata-artifact status="no" details="" size="3575" time="0" location="C:\Users\Ashwani-PC\.ivy2\cache\org.xerial.snappy\snappy-java\ivy-1.0.4.1.xml" searched="false" origin-is-local="false" origin-location="https://repo1.maven.org/maven2/org/xerial/snappy/snappy-java/1.0.4.1/snappy-java-1.0.4.1.pom"/>
				<caller organisation="org.apache.avro" name="avro" conf="compile, runtime" rev="1.0.4.1" rev-constraint-default="1.0.4.1" rev-constraint-dynamic="1.0.4.1" callerrev="1.7.4"/>
				<artifacts>
					<artifact name="snappy-java" type="bundle" ext="jar" status="no" details="" size="995968" time="0" location="C:\Users\Ashwani-PC\.ivy2\cache\org.xerial.snappy\snappy-java\bundles\snappy-java-1.0.4.1.jar">
						<origin-location is-local="false" location="https://repo1.maven.org/maven2/org/xerial/snappy/snappy-java/1.0.4.1/snappy-java-1.0.4.1.jar"/>
					</artifact>
				</artifacts>
			</revision>
		</module>
		<module organisation="com.thoughtworks.paranamer" name="paranamer">
			<revision name="2.3" status="release" pubdate="20101019081431" resolver="sbt-chain" artresolver="sbt-chain" homepage="" downloaded="false" searched="false" default="false" conf="compile, runtime(*), master(compile), runtime, compile(*), master" position="40">
				<license name="BSD" url="LICENSE.txt"/>
				<metadata-artifact status="no" details="" size="3504" time="0" location="C:\Users\Ashwani-PC\.ivy2\cache\com.thoughtworks.paranamer\paranamer\ivy-2.3.xml" searched="false" origin-is-local="false" origin-location="https://repo1.maven.org/maven2/com/thoughtworks/paranamer/paranamer/2.3/paranamer-2.3.pom"/>
				<caller organisation="org.apache.avro" name="avro" conf="compile, runtime" rev="2.3" rev-constraint-default="2.3" rev-constraint-dynamic="2.3" callerrev="1.7.4"/>
				<artifacts>
					<artifact name="paranamer" type="jar" ext="jar" status="no" details="" size="29555" time="0" location="C:\Users\Ashwani-PC\.ivy2\cache\com.thoughtworks.paranamer\paranamer\jars\paranamer-2.3.jar">
						<origin-location is-local="false" location="https://repo1.maven.org/maven2/com/thoughtworks/paranamer/paranamer/2.3/paranamer-2.3.jar"/>
					</artifact>
				</artifacts>
			</revision>
		</module>
		<module organisation="org.apache.hadoop" name="hadoop-yarn-common">
			<revision name="2.8.1" status="release" pubdate="20170607162928" resolver="sbt-chain" artresolver="sbt-chain" homepage="" downloaded="false" searched="false" default="false" conf="compile, runtime(*), master(compile), runtime, compile(*), master" position="2">
				<license name="Apache License, Version 2.0" url="http://www.apache.org/licenses/LICENSE-2.0.txt"/>
				<metadata-artifact status="no" details="" size="42857" time="0" location="C:\Users\Ashwani-PC\.ivy2\cache\org.apache.hadoop\hadoop-yarn-common\ivy-2.8.1.xml" searched="false" origin-is-local="false" origin-location="https://repo1.maven.org/maven2/org/apache/hadoop/hadoop-yarn-common/2.8.1/hadoop-yarn-common-2.8.1.pom"/>
				<caller organisation="org.apache.hadoop" name="hadoop-mapreduce-client-core" conf="default, compile, runtime, master" rev="2.8.1" rev-constraint-default="2.8.1" rev-constraint-dynamic="2.8.1" callerrev="2.8.1"/>
				<artifacts>
					<artifact name="hadoop-yarn-common" type="jar" ext="jar" status="no" details="" size="1806691" time="0" location="C:\Users\Ashwani-PC\.ivy2\cache\org.apache.hadoop\hadoop-yarn-common\jars\hadoop-yarn-common-2.8.1.jar">
						<origin-location is-local="false" location="https://repo1.maven.org/maven2/org/apache/hadoop/hadoop-yarn-common/2.8.1/hadoop-yarn-common-2.8.1.jar"/>
					</artifact>
				</artifacts>
			</revision>
		</module>
		<module organisation="com.sun.jersey.contribs" name="jersey-guice">
			<revision name="1.9" status="release" pubdate="20110902062154" resolver="sbt-chain" artresolver="sbt-chain" homepage="" downloaded="false" searched="false" default="false" conf="compile, runtime(*), master(compile), runtime, compile(*), master" position="37">
				<license name="CDDL 1.1" url="http://glassfish.java.net/public/CDDL+GPL_1_1.html"/>
				<license name="GPL2 w/ CPE" url="http://glassfish.java.net/public/CDDL+GPL_1_1.html"/>
				<metadata-artifact status="no" details="" size="5660" time="0" location="C:\Users\Ashwani-PC\.ivy2\cache\com.sun.jersey.contribs\jersey-guice\ivy-1.9.xml" searched="false" origin-is-local="false" origin-location="https://repo1.maven.org/maven2/com/sun/jersey/contribs/jersey-guice/1.9/jersey-guice-1.9.pom"/>
				<caller organisation="org.apache.hadoop" name="hadoop-yarn-common" conf="compile, runtime" rev="1.9" rev-constraint-default="1.9" rev-constraint-dynamic="1.9" callerrev="2.8.1"/>
				<artifacts>
					<artifact name="jersey-guice" type="jar" ext="jar" status="no" details="" size="14786" time="0" location="C:\Users\Ashwani-PC\.ivy2\cache\com.sun.jersey.contribs\jersey-guice\jars\jersey-guice-1.9.jar">
						<origin-location is-local="false" location="https://repo1.maven.org/maven2/com/sun/jersey/contribs/jersey-guice/1.9/jersey-guice-1.9.jar"/>
					</artifact>
				</artifacts>
			</revision>
		</module>
		<module organisation="com.sun.jersey" name="jersey-json">
			<revision name="1.9" status="release" pubdate="20110902062700" resolver="sbt-chain" artresolver="sbt-chain" homepage="" downloaded="false" searched="false" default="false" conf="compile, runtime(*), master(compile), runtime, compile(*), master" position="34">
				<license name="CDDL 1.1" url="http://glassfish.java.net/public/CDDL+GPL_1_1.html"/>
				<license name="GPL2 w/ CPE" url="http://glassfish.java.net/public/CDDL+GPL_1_1.html"/>
				<metadata-artifact status="no" details="" size="5640" time="0" location="C:\Users\Ashwani-PC\.ivy2\cache\com.sun.jersey\jersey-json\ivy-1.9.xml" searched="false" origin-is-local="false" origin-location="https://repo1.maven.org/maven2/com/sun/jersey/jersey-json/1.9/jersey-json-1.9.pom"/>
				<caller organisation="org.apache.hadoop" name="hadoop-yarn-common" conf="compile, runtime" rev="1.9" rev-constraint-default="1.9" rev-constraint-dynamic="1.9" callerrev="2.8.1"/>
				<artifacts>
					<artifact name="jersey-json" type="bundle" ext="jar" status="no" details="" size="147952" time="0" location="C:\Users\Ashwani-PC\.ivy2\cache\com.sun.jersey\jersey-json\bundles\jersey-json-1.9.jar">
						<origin-location is-local="false" location="https://repo1.maven.org/maven2/com/sun/jersey/jersey-json/1.9/jersey-json-1.9.jar"/>
					</artifact>
				</artifacts>
			</revision>
		</module>
		<module organisation="com.sun.xml.bind" name="jaxb-impl">
			<revision name="2.2.3-1" status="release" pubdate="20110118043154" resolver="sbt-chain" artresolver="sbt-chain" homepage="http://jaxb.java.net/" downloaded="false" searched="false" default="false" conf="compile, runtime(*), master(compile), runtime, compile(*), master" position="36">
				<license name="CDDL 1.1" url="https://glassfish.java.net/public/CDDL+GPL_1_1.html"/>
				<license name="GPL2 w/ CPE" url="https://glassfish.java.net/public/CDDL+GPL_1_1.html"/>
				<metadata-artifact status="no" details="" size="2901" time="0" location="C:\Users\Ashwani-PC\.ivy2\cache\com.sun.xml.bind\jaxb-impl\ivy-2.2.3-1.xml" searched="false" origin-is-local="false" origin-location="https://repo1.maven.org/maven2/com/sun/xml/bind/jaxb-impl/2.2.3-1/jaxb-impl-2.2.3-1.pom"/>
				<caller organisation="com.sun.jersey" name="jersey-json" conf="compile, runtime" rev="2.2.3-1" rev-constraint-default="2.2.3-1" rev-constraint-dynamic="2.2.3-1" callerrev="1.9"/>
				<artifacts>
					<artifact name="jaxb-impl" type="jar" ext="jar" status="no" details="" size="890168" time="0" location="C:\Users\Ashwani-PC\.ivy2\cache\com.sun.xml.bind\jaxb-impl\jars\jaxb-impl-2.2.3-1.jar">
						<origin-location is-local="false" location="https://repo1.maven.org/maven2/com/sun/xml/bind/jaxb-impl/2.2.3-1/jaxb-impl-2.2.3-1.jar"/>
					</artifact>
				</artifacts>
			</revision>
		</module>
		<module organisation="org.codehaus.jettison" name="jettison">
			<revision name="1.1" status="release" pubdate="20090420115050" resolver="sbt-chain" artresolver="sbt-chain" homepage="" downloaded="false" searched="false" default="false" conf="compile, runtime(*), master(compile), runtime, compile(*), master" position="35">
				<metadata-artifact status="no" details="" size="2906" time="0" location="C:\Users\Ashwani-PC\.ivy2\cache\org.codehaus.jettison\jettison\ivy-1.1.xml" searched="false" origin-is-local="false" origin-location="https://repo1.maven.org/maven2/org/codehaus/jettison/jettison/1.1/jettison-1.1.pom"/>
				<caller organisation="com.sun.jersey" name="jersey-json" conf="compile, runtime" rev="1.1" rev-constraint-default="1.1" rev-constraint-dynamic="1.1" callerrev="1.9"/>
				<artifacts>
					<artifact name="jettison" type="bundle" ext="jar" status="no" details="" size="67758" time="0" location="C:\Users\Ashwani-PC\.ivy2\cache\org.codehaus.jettison\jettison\bundles\jettison-1.1.jar">
						<origin-location is-local="false" location="https://repo1.maven.org/maven2/org/codehaus/jettison/jettison/1.1/jettison-1.1.jar"/>
					</artifact>
				</artifacts>
			</revision>
		</module>
		<module organisation="com.sun.jersey" name="jersey-server">
			<revision name="1.9" status="release" pubdate="20110902061728" resolver="sbt-chain" artresolver="sbt-chain" homepage="" downloaded="false" searched="false" default="false" conf="compile, runtime(*), master(compile), runtime, compile(*), master" position="33">
				<license name="CDDL 1.1" url="http://glassfish.java.net/public/CDDL+GPL_1_1.html"/>
				<license name="GPL2 w/ CPE" url="http://glassfish.java.net/public/CDDL+GPL_1_1.html"/>
				<metadata-artifact status="no" details="" size="6149" time="0" location="C:\Users\Ashwani-PC\.ivy2\cache\com.sun.jersey\jersey-server\ivy-1.9.xml" searched="false" origin-is-local="false" origin-location="https://repo1.maven.org/maven2/com/sun/jersey/jersey-server/1.9/jersey-server-1.9.pom"/>
				<caller organisation="org.apache.hadoop" name="hadoop-yarn-common" conf="compile, runtime" rev="1.9" rev-constraint-default="1.9" rev-constraint-dynamic="1.9" callerrev="2.8.1"/>
				<artifacts>
					<artifact name="jersey-server" type="bundle" ext="jar" status="no" details="" size="713089" time="0" location="C:\Users\Ashwani-PC\.ivy2\cache\com.sun.jersey\jersey-server\bundles\jersey-server-1.9.jar">
						<origin-location is-local="false" location="https://repo1.maven.org/maven2/com/sun/jersey/jersey-server/1.9/jersey-server-1.9.jar"/>
					</artifact>
				</artifacts>
			</revision>
		</module>
		<module organisation="ant" name="ant">
			<revision name="1.6.5" status="release" pubdate="20101015074825" resolver="sbt-chain" artresolver="sbt-chain" homepage="" downloaded="false" searched="false" default="false" conf="compile, runtime(*), master(compile), runtime, compile(*), master" position="56">
				<license name="The Apache Software License, Version 2.0" url="http://www.apache.org/licenses/LICENSE-2.0.txt"/>
				<metadata-artifact status="no" details="" size="2826" time="0" location="C:\Users\Ashwani-PC\.ivy2\cache\ant\ant\ivy-1.6.5.xml" searched="false" origin-is-local="false" origin-location="https://repo1.maven.org/maven2/ant/ant/1.6.5/ant-1.6.5.pom"/>
				<caller organisation="org.mortbay.jetty" name="jsp-2.1" conf="compile, runtime" rev="1.6.5" rev-constraint-default="1.6.5" rev-constraint-dynamic="1.6.5" callerrev="6.1.14"/>
				<artifacts>
					<artifact name="ant" type="jar" ext="jar" status="no" details="" size="1034049" time="0" location="C:\Users\Ashwani-PC\.ivy2\cache\ant\ant\jars\ant-1.6.5.jar">
						<origin-location is-local="false" location="https://repo1.maven.org/maven2/ant/ant/1.6.5/ant-1.6.5.jar"/>
					</artifact>
				</artifacts>
			</revision>
		</module>
		<module organisation="commons-io" name="commons-io">
			<revision name="2.4" status="release" pubdate="20120612172206" resolver="sbt-chain" artresolver="sbt-chain" homepage="http://commons.apache.org/io/" downloaded="false" searched="false" default="false" conf="compile, runtime(*), master(compile), runtime, compile(*), master" position="32">
				<license name="The Apache Software License, Version 2.0" url="http://www.apache.org/licenses/LICENSE-2.0.txt"/>
				<metadata-artifact status="no" details="" size="8783" time="0" location="C:\Users\Ashwani-PC\.ivy2\cache\commons-io\commons-io\ivy-2.4.xml" searched="false" origin-is-local="false" origin-location="https://repo1.maven.org/maven2/commons-io/commons-io/2.4/commons-io-2.4.pom"/>
				<caller organisation="org.apache.hadoop" name="hadoop-yarn-common" conf="compile, runtime" rev="2.4" rev-constraint-default="2.4" rev-constraint-dynamic="2.4" callerrev="2.8.1"/>
				<artifacts>
					<artifact name="commons-io" type="jar" ext="jar" status="no" details="" size="185140" time="0" location="C:\Users\Ashwani-PC\.ivy2\cache\commons-io\commons-io\jars\commons-io-2.4.jar">
						<origin-location is-local="false" location="https://repo1.maven.org/maven2/commons-io/commons-io/2.4/commons-io-2.4.jar"/>
					</artifact>
				</artifacts>
			</revision>
		</module>
		<module organisation="com.google.inject.extensions" name="guice-servlet">
			<revision name="3.0" status="release" pubdate="20110325132252" resolver="sbt-chain" artresolver="sbt-chain" homepage="" downloaded="false" searched="false" default="false" conf="compile, runtime(*), master(compile), runtime, compile(*), master" position="26">
				<license name="The Apache Software License, Version 2.0" url="http://www.apache.org/licenses/LICENSE-2.0.txt"/>
				<metadata-artifact status="no" details="" size="3969" time="0" location="C:\Users\Ashwani-PC\.ivy2\cache\com.google.inject.extensions\guice-servlet\ivy-3.0.xml" searched="false" origin-is-local="false" origin-location="https://repo1.maven.org/maven2/com/google/inject/extensions/guice-servlet/3.0/guice-servlet-3.0.pom"/>
				<caller organisation="com.sun.jersey.contribs" name="jersey-guice" conf="compile, runtime" rev="3.0" rev-constraint-default="3.0" rev-constraint-dynamic="3.0" callerrev="1.9"/>
				<caller organisation="org.apache.hadoop" name="hadoop-yarn-common" conf="compile, runtime" rev="3.0" rev-constraint-default="3.0" rev-constraint-dynamic="3.0" callerrev="2.8.1"/>
				<caller organisation="org.apache.hadoop" name="hadoop-mapreduce-client-core" conf="default, compile, runtime, master" rev="3.0" rev-constraint-default="3.0" rev-constraint-dynamic="3.0" callerrev="2.8.1"/>
				<artifacts>
					<artifact name="guice-servlet" type="jar" ext="jar" status="no" details="" size="65012" time="0" location="C:\Users\Ashwani-PC\.ivy2\cache\com.google.inject.extensions\guice-servlet\jars\guice-servlet-3.0.jar">
						<origin-location is-local="false" location="https://repo1.maven.org/maven2/com/google/inject/extensions/guice-servlet/3.0/guice-servlet-3.0.jar"/>
					</artifact>
				</artifacts>
			</revision>
		</module>
		<module organisation="com.google.inject" name="guice">
			<revision name="3.0" status="release" pubdate="20110325131947" resolver="sbt-chain" artresolver="sbt-chain" homepage="" downloaded="false" searched="false" default="false" conf="compile, runtime(*), master(compile), runtime, compile(*), master" position="27">
				<license name="The Apache Software License, Version 2.0" url="http://www.apache.org/licenses/LICENSE-2.0.txt"/>
				<metadata-artifact status="no" details="" size="4284" time="0" location="C:\Users\Ashwani-PC\.ivy2\cache\com.google.inject\guice\ivy-3.0.xml" searched="false" origin-is-local="false" origin-location="https://repo1.maven.org/maven2/com/google/inject/guice/3.0/guice-3.0.pom"/>
				<caller organisation="com.sun.jersey.contribs" name="jersey-guice" conf="compile, runtime" rev="3.0" rev-constraint-default="3.0" rev-constraint-dynamic="3.0" callerrev="1.9"/>
				<caller organisation="org.apache.hadoop" name="hadoop-yarn-common" conf="compile, runtime" rev="3.0" rev-constraint-default="3.0" rev-constraint-dynamic="3.0" callerrev="2.8.1"/>
				<caller organisation="com.google.inject.extensions" name="guice-servlet" conf="compile, runtime" rev="3.0" rev-constraint-default="3.0" rev-constraint-dynamic="3.0" callerrev="3.0"/>
				<artifacts>
					<artifact name="guice" type="jar" ext="jar" status="no" details="" size="710492" time="0" location="C:\Users\Ashwani-PC\.ivy2\cache\com.google.inject\guice\jars\guice-3.0.jar">
						<origin-location is-local="false" location="https://repo1.maven.org/maven2/com/google/inject/guice/3.0/guice-3.0.jar"/>
					</artifact>
				</artifacts>
			</revision>
		</module>
		<module organisation="org.sonatype.sisu.inject" name="cglib">
			<revision name="2.2.1-v20090111" status="release" pubdate="20110104071244" resolver="sbt-chain" artresolver="sbt-chain" homepage="http://sourceforge.net/projects/cglib/" downloaded="false" searched="false" default="false" conf="compile, runtime(*), master(compile), runtime, compile(*), master" position="30">
				<license name="The Apache Software License, Version 2.0" url="http://www.apache.org/licenses/LICENSE-2.0.txt"/>
				<metadata-artifact status="no" details="" size="3968" time="0" location="C:\Users\Ashwani-PC\.ivy2\cache\org.sonatype.sisu.inject\cglib\ivy-2.2.1-v20090111.xml" searched="false" origin-is-local="false" origin-location="https://repo1.maven.org/maven2/org/sonatype/sisu/inject/cglib/2.2.1-v20090111/cglib-2.2.1-v20090111.pom"/>
				<caller organisation="com.google.inject" name="guice" conf="compile, runtime" rev="2.2.1-v20090111" rev-constraint-default="2.2.1-v20090111" rev-constraint-dynamic="2.2.1-v20090111" callerrev="3.0"/>
				<artifacts>
					<artifact name="cglib" type="jar" ext="jar" status="no" details="" size="278864" time="0" location="C:\Users\Ashwani-PC\.ivy2\cache\org.sonatype.sisu.inject\cglib\jars\cglib-2.2.1-v20090111.jar">
						<origin-location is-local="false" location="https://repo1.maven.org/maven2/org/sonatype/sisu/inject/cglib/2.2.1-v20090111/cglib-2.2.1-v20090111.jar"/>
					</artifact>
				</artifacts>
			</revision>
		</module>
		<module organisation="asm" name="asm">
			<revision name="3.1" status="release" pubdate="20080120043126" resolver="sbt-chain" artresolver="sbt-chain" homepage="" downloaded="false" searched="false" default="false" conf="compile, runtime(*), master(compile), runtime, compile(*), master" position="31">
				<metadata-artifact status="no" details="" size="2959" time="0" location="C:\Users\Ashwani-PC\.ivy2\cache\asm\asm\ivy-3.1.xml" searched="false" origin-is-local="false" origin-location="https://repo1.maven.org/maven2/asm/asm/3.1/asm-3.1.pom"/>
				<caller organisation="com.sun.jersey" name="jersey-server" conf="compile, runtime" rev="3.1" rev-constraint-default="3.1" rev-constraint-dynamic="3.1" callerrev="1.9"/>
				<caller organisation="org.sonatype.sisu.inject" name="cglib" conf="compile, runtime" rev="3.1" rev-constraint-default="3.1" rev-constraint-dynamic="3.1" callerrev="2.2.1-v20090111"/>
				<artifacts>
					<artifact name="asm" type="jar" ext="jar" status="no" details="" size="43033" time="0" location="C:\Users\Ashwani-PC\.ivy2\cache\asm\asm\jars\asm-3.1.jar">
						<origin-location is-local="false" location="https://repo1.maven.org/maven2/asm/asm/3.1/asm-3.1.jar"/>
					</artifact>
				</artifacts>
			</revision>
		</module>
		<module organisation="aopalliance" name="aopalliance">
			<revision name="1.0" status="release" pubdate="20070226164340" resolver="sbt-chain" artresolver="sbt-chain" homepage="http://aopalliance.sourceforge.net" downloaded="false" searched="false" default="false" conf="compile, runtime(*), master(compile), runtime, compile(*), master" position="29">
				<license name="Public Domain"/>
				<metadata-artifact status="no" details="" size="2447" time="0" location="C:\Users\Ashwani-PC\.ivy2\cache\aopalliance\aopalliance\ivy-1.0.xml" searched="false" origin-is-local="false" origin-location="https://repo1.maven.org/maven2/aopalliance/aopalliance/1.0/aopalliance-1.0.pom"/>
				<caller organisation="com.google.inject" name="guice" conf="compile, runtime" rev="1.0" rev-constraint-default="1.0" rev-constraint-dynamic="1.0" callerrev="3.0"/>
				<artifacts>
					<artifact name="aopalliance" type="jar" ext="jar" status="no" details="" size="4467" time="0" location="C:\Users\Ashwani-PC\.ivy2\cache\aopalliance\aopalliance\jars\aopalliance-1.0.jar">
						<origin-location is-local="false" location="https://repo1.maven.org/maven2/aopalliance/aopalliance/1.0/aopalliance-1.0.jar"/>
					</artifact>
				</artifacts>
			</revision>
		</module>
		<module organisation="javax.inject" name="javax.inject">
			<revision name="1" status="release" pubdate="20091013183500" resolver="sbt-chain" artresolver="sbt-chain" homepage="http://code.google.com/p/atinject/" downloaded="false" searched="false" default="false" conf="compile, runtime(*), master(compile), runtime, compile(*), master" position="28">
				<license name="The Apache Software License, Version 2.0" url="http://www.apache.org/licenses/LICENSE-2.0.txt"/>
				<metadata-artifact status="no" details="" size="2536" time="0" location="C:\Users\Ashwani-PC\.ivy2\cache\javax.inject\javax.inject\ivy-1.xml" searched="false" origin-is-local="false" origin-location="https://repo1.maven.org/maven2/javax/inject/javax.inject/1/javax.inject-1.pom"/>
				<caller organisation="com.sun.jersey.contribs" name="jersey-guice" conf="compile, runtime" rev="1" rev-constraint-default="1" rev-constraint-dynamic="1" callerrev="1.9"/>
				<caller organisation="com.google.inject" name="guice" conf="compile, runtime" rev="1" rev-constraint-default="1" rev-constraint-dynamic="1" callerrev="3.0"/>
				<artifacts>
					<artifact name="javax.inject" type="jar" ext="jar" status="no" details="" size="2497" time="0" location="C:\Users\Ashwani-PC\.ivy2\cache\javax.inject\javax.inject\jars\javax.inject-1.jar">
						<origin-location is-local="false" location="https://repo1.maven.org/maven2/javax/inject/javax.inject/1/javax.inject-1.jar"/>
					</artifact>
				</artifacts>
			</revision>
		</module>
		<module organisation="org.slf4j" name="slf4j-api">
			<revision name="1.7.10" status="release" pubdate="20150106141107" resolver="sbt-chain" artresolver="sbt-chain" homepage="http://www.slf4j.org" downloaded="false" searched="false" default="false" conf="compile, runtime(*), master(compile), runtime, compile(*), master" position="25">
				<license name="MIT License" url="http://www.opensource.org/licenses/mit-license.php"/>
				<metadata-artifact status="no" details="" size="4618" time="0" location="C:\Users\Ashwani-PC\.ivy2\cache\org.slf4j\slf4j-api\ivy-1.7.10.xml" searched="false" origin-is-local="false" origin-location="https://repo1.maven.org/maven2/org/slf4j/slf4j-api/1.7.10/slf4j-api-1.7.10.pom"/>
				<caller organisation="org.apache.hadoop" name="hadoop-yarn-common" conf="compile, runtime" rev="1.7.10" rev-constraint-default="1.7.10" rev-constraint-dynamic="1.7.10" callerrev="2.8.1"/>
				<caller organisation="org.slf4j" name="slf4j-log4j12" conf="compile, runtime" rev="1.7.10" rev-constraint-default="1.7.10" rev-constraint-dynamic="1.7.10" callerrev="1.7.10"/>
				<caller organisation="org.apache.hadoop" name="hadoop-mapreduce-client-core" conf="default, compile, runtime, master" rev="1.7.10" rev-constraint-default="1.7.10" rev-constraint-dynamic="1.7.10" callerrev="2.8.1"/>
				<artifacts>
					<artifact name="slf4j-api" type="jar" ext="jar" status="no" details="" size="32119" time="0" location="C:\Users\Ashwani-PC\.ivy2\cache\org.slf4j\slf4j-api\jars\slf4j-api-1.7.10.jar">
						<origin-location is-local="false" location="https://repo1.maven.org/maven2/org/slf4j/slf4j-api/1.7.10/slf4j-api-1.7.10.jar"/>
					</artifact>
				</artifacts>
			</revision>
		</module>
		<module organisation="commons-cli" name="commons-cli">
			<revision name="1.2" status="release" pubdate="20090319150832" resolver="sbt-chain" artresolver="sbt-chain" homepage="http://commons.apache.org/cli/" downloaded="false" searched="false" default="false" conf="compile, runtime(*), master(compile), runtime, compile(*), master" position="24">
				<license name="The Apache Software License, Version 2.0" url="http://www.apache.org/licenses/LICENSE-2.0.txt"/>
				<metadata-artifact status="no" details="" size="4747" time="0" location="C:\Users\Ashwani-PC\.ivy2\cache\commons-cli\commons-cli\ivy-1.2.xml" searched="false" origin-is-local="false" origin-location="https://repo1.maven.org/maven2/commons-cli/commons-cli/1.2/commons-cli-1.2.pom"/>
				<caller organisation="org.apache.hadoop" name="hadoop-yarn-common" conf="compile, runtime" rev="1.2" rev-constraint-default="1.2" rev-constraint-dynamic="1.2" callerrev="2.8.1"/>
				<caller organisation="org.apache.hadoop" name="hadoop-core" conf="default, compile, runtime, master" rev="1.2" rev-constraint-default="1.2" rev-constraint-dynamic="1.2" callerrev="0.20.2"/>
				<artifacts>
					<artifact name="commons-cli" type="jar" ext="jar" status="no" details="" size="41123" time="0" location="C:\Users\Ashwani-PC\.ivy2\cache\commons-cli\commons-cli\jars\commons-cli-1.2.jar">
						<origin-location is-local="false" location="https://repo1.maven.org/maven2/commons-cli/commons-cli/1.2/commons-cli-1.2.jar"/>
					</artifact>
				</artifacts>
			</revision>
		</module>
		<module organisation="org.codehaus.jackson" name="jackson-xc">
			<revision name="1.9.13" status="release" pubdate="20130714220852" resolver="sbt-chain" artresolver="sbt-chain" homepage="http://jackson.codehaus.org" downloaded="false" searched="false" default="false" conf="compile, runtime(*), master(compile), runtime, compile(*), master" position="23">
				<license name="The Apache Software License, Version 2.0" url="http://www.apache.org/licenses/LICENSE-2.0.txt"/>
				<license name="GNU Lesser General Public License (LGPL), Version 2.1" url="http://www.fsf.org/licensing/licenses/lgpl.txt"/>
				<metadata-artifact status="no" details="" size="3108" time="0" location="C:\Users\Ashwani-PC\.ivy2\cache\org.codehaus.jackson\jackson-xc\ivy-1.9.13.xml" searched="false" origin-is-local="false" origin-location="https://repo1.maven.org/maven2/org/codehaus/jackson/jackson-xc/1.9.13/jackson-xc-1.9.13.pom"/>
				<caller organisation="com.sun.jersey" name="jersey-json" conf="compile, runtime" rev="1.8.3" rev-constraint-default="1.8.3" rev-constraint-dynamic="1.8.3" callerrev="1.9"/>
				<caller organisation="org.apache.hadoop" name="hadoop-yarn-common" conf="compile, runtime" rev="1.9.13" rev-constraint-default="1.9.13" rev-constraint-dynamic="1.9.13" callerrev="2.8.1"/>
				<artifacts>
					<artifact name="jackson-xc" type="jar" ext="jar" status="no" details="" size="27084" time="0" location="C:\Users\Ashwani-PC\.ivy2\cache\org.codehaus.jackson\jackson-xc\jars\jackson-xc-1.9.13.jar">
						<origin-location is-local="false" location="https://repo1.maven.org/maven2/org/codehaus/jackson/jackson-xc/1.9.13/jackson-xc-1.9.13.jar"/>
					</artifact>
				</artifacts>
			</revision>
			<revision name="1.8.3" evicted="latest-revision" evicted-reason="" downloaded="false" searched="false" conf="compile, runtime(*), master(compile), runtime, compile(*), master" position="-1">
				<evicted-by rev="1.9.13"/>
				<caller organisation="com.sun.jersey" name="jersey-json" conf="compile, runtime" rev="1.8.3" rev-constraint-default="1.8.3" rev-constraint-dynamic="1.8.3" callerrev="1.9"/>
				<artifacts>
				</artifacts>
			</revision>
		</module>
		<module organisation="org.codehaus.jackson" name="jackson-jaxrs">
			<revision name="1.9.13" status="release" pubdate="20130714220844" resolver="sbt-chain" artresolver="sbt-chain" homepage="http://jackson.codehaus.org" downloaded="false" searched="false" default="false" conf="compile, runtime(*), master(compile), runtime, compile(*), master" position="22">
				<license name="The Apache Software License, Version 2.0" url="http://www.apache.org/licenses/LICENSE-2.0.txt"/>
				<license name="GNU Lesser General Public License (LGPL), Version 2.1" url="http://www.fsf.org/licensing/licenses/lgpl.txt"/>
				<metadata-artifact status="no" details="" size="3110" time="0" location="C:\Users\Ashwani-PC\.ivy2\cache\org.codehaus.jackson\jackson-jaxrs\ivy-1.9.13.xml" searched="false" origin-is-local="false" origin-location="https://repo1.maven.org/maven2/org/codehaus/jackson/jackson-jaxrs/1.9.13/jackson-jaxrs-1.9.13.pom"/>
				<caller organisation="com.sun.jersey" name="jersey-json" conf="compile, runtime" rev="1.8.3" rev-constraint-default="1.8.3" rev-constraint-dynamic="1.8.3" callerrev="1.9"/>
				<caller organisation="org.apache.hadoop" name="hadoop-yarn-common" conf="compile, runtime" rev="1.9.13" rev-constraint-default="1.9.13" rev-constraint-dynamic="1.9.13" callerrev="2.8.1"/>
				<artifacts>
					<artifact name="jackson-jaxrs" type="jar" ext="jar" status="no" details="" size="18336" time="0" location="C:\Users\Ashwani-PC\.ivy2\cache\org.codehaus.jackson\jackson-jaxrs\jars\jackson-jaxrs-1.9.13.jar">
						<origin-location is-local="false" location="https://repo1.maven.org/maven2/org/codehaus/jackson/jackson-jaxrs/1.9.13/jackson-jaxrs-1.9.13.jar"/>
					</artifact>
				</artifacts>
			</revision>
			<revision name="1.8.3" evicted="latest-revision" evicted-reason="" downloaded="false" searched="false" conf="compile, runtime(*), master(compile), runtime, compile(*), master" position="-1">
				<evicted-by rev="1.9.13"/>
				<caller organisation="com.sun.jersey" name="jersey-json" conf="compile, runtime" rev="1.8.3" rev-constraint-default="1.8.3" rev-constraint-dynamic="1.8.3" callerrev="1.9"/>
				<artifacts>
				</artifacts>
			</revision>
		</module>
		<module organisation="org.codehaus.jackson" name="jackson-mapper-asl">
			<revision name="1.9.13" status="release" pubdate="20130714220750" resolver="sbt-chain" artresolver="sbt-chain" homepage="http://jackson.codehaus.org" downloaded="false" searched="false" default="false" conf="compile, runtime(*), master(compile), runtime, compile(*), master" position="21">
				<license name="The Apache Software License, Version 2.0" url="http://www.apache.org/licenses/LICENSE-2.0.txt"/>
				<metadata-artifact status="no" details="" size="2820" time="0" location="C:\Users\Ashwani-PC\.ivy2\cache\org.codehaus.jackson\jackson-mapper-asl\ivy-1.9.13.xml" searched="false" origin-is-local="false" origin-location="https://repo1.maven.org/maven2/org/codehaus/jackson/jackson-mapper-asl/1.9.13/jackson-mapper-asl-1.9.13.pom"/>
				<caller organisation="com.sun.jersey" name="jersey-json" conf="compile, runtime" rev="1.8.3" rev-constraint-default="1.8.3" rev-constraint-dynamic="1.8.3" callerrev="1.9"/>
				<caller organisation="org.apache.hadoop" name="hadoop-yarn-common" conf="compile, runtime" rev="1.9.13" rev-constraint-default="1.9.13" rev-constraint-dynamic="1.9.13" callerrev="2.8.1"/>
				<caller organisation="org.codehaus.jackson" name="jackson-jaxrs" conf="compile, runtime" rev="1.9.13" rev-constraint-default="1.9.13" rev-constraint-dynamic="1.9.13" callerrev="1.9.13"/>
				<caller organisation="org.codehaus.jackson" name="jackson-xc" conf="compile, runtime" rev="1.9.13" rev-constraint-default="1.9.13" rev-constraint-dynamic="1.9.13" callerrev="1.9.13"/>
				<caller organisation="org.apache.avro" name="avro" conf="compile, runtime" rev="1.8.8" rev-constraint-default="1.8.8" rev-constraint-dynamic="1.8.8" callerrev="1.7.4"/>
				<artifacts>
					<artifact name="jackson-mapper-asl" type="jar" ext="jar" status="no" details="" size="780664" time="0" location="C:\Users\Ashwani-PC\.ivy2\cache\org.codehaus.jackson\jackson-mapper-asl\jars\jackson-mapper-asl-1.9.13.jar">
						<origin-location is-local="false" location="https://repo1.maven.org/maven2/org/codehaus/jackson/jackson-mapper-asl/1.9.13/jackson-mapper-asl-1.9.13.jar"/>
					</artifact>
				</artifacts>
			</revision>
			<revision name="1.8.8" evicted="latest-revision" evicted-reason="" downloaded="false" searched="false" conf="compile, runtime(*), master(compile), runtime, compile(*), master" position="-1">
				<evicted-by rev="1.9.13"/>
				<caller organisation="org.apache.avro" name="avro" conf="compile, runtime" rev="1.8.8" rev-constraint-default="1.8.8" rev-constraint-dynamic="1.8.8" callerrev="1.7.4"/>
				<artifacts>
				</artifacts>
			</revision>
			<revision name="1.8.3" evicted="latest-revision" evicted-reason="" downloaded="false" searched="false" conf="compile, runtime(*), master(compile), runtime, compile(*), master" position="-1">
				<evicted-by rev="1.9.13"/>
				<caller organisation="com.sun.jersey" name="jersey-json" conf="compile, runtime" rev="1.8.3" rev-constraint-default="1.8.3" rev-constraint-dynamic="1.8.3" callerrev="1.9"/>
				<artifacts>
				</artifacts>
			</revision>
		</module>
		<module organisation="org.codehaus.jackson" name="jackson-core-asl">
			<revision name="1.9.13" status="release" pubdate="20130714220730" resolver="sbt-chain" artresolver="sbt-chain" homepage="http://jackson.codehaus.org" downloaded="false" searched="false" default="false" conf="compile, runtime(*), master(compile), runtime, compile(*), master" position="20">
				<license name="The Apache Software License, Version 2.0" url="http://www.apache.org/licenses/LICENSE-2.0.txt"/>
				<metadata-artifact status="no" details="" size="2594" time="0" location="C:\Users\Ashwani-PC\.ivy2\cache\org.codehaus.jackson\jackson-core-asl\ivy-1.9.13.xml" searched="false" origin-is-local="false" origin-location="https://repo1.maven.org/maven2/org/codehaus/jackson/jackson-core-asl/1.9.13/jackson-core-asl-1.9.13.pom"/>
				<caller organisation="com.sun.jersey" name="jersey-json" conf="compile, runtime" rev="1.8.3" rev-constraint-default="1.8.3" rev-constraint-dynamic="1.8.3" callerrev="1.9"/>
				<caller organisation="org.apache.hadoop" name="hadoop-yarn-common" conf="compile, runtime" rev="1.9.13" rev-constraint-default="1.9.13" rev-constraint-dynamic="1.9.13" callerrev="2.8.1"/>
				<caller organisation="org.codehaus.jackson" name="jackson-jaxrs" conf="compile, runtime" rev="1.9.13" rev-constraint-default="1.9.13" rev-constraint-dynamic="1.9.13" callerrev="1.9.13"/>
				<caller organisation="org.codehaus.jackson" name="jackson-xc" conf="compile, runtime" rev="1.9.13" rev-constraint-default="1.9.13" rev-constraint-dynamic="1.9.13" callerrev="1.9.13"/>
				<caller organisation="org.apache.avro" name="avro" conf="compile, runtime" rev="1.8.8" rev-constraint-default="1.8.8" rev-constraint-dynamic="1.8.8" callerrev="1.7.4"/>
				<caller organisation="org.codehaus.jackson" name="jackson-mapper-asl" conf="compile, runtime" rev="1.9.13" rev-constraint-default="1.9.13" rev-constraint-dynamic="1.9.13" callerrev="1.9.13"/>
				<artifacts>
					<artifact name="jackson-core-asl" type="jar" ext="jar" status="no" details="" size="232248" time="0" location="C:\Users\Ashwani-PC\.ivy2\cache\org.codehaus.jackson\jackson-core-asl\jars\jackson-core-asl-1.9.13.jar">
						<origin-location is-local="false" location="https://repo1.maven.org/maven2/org/codehaus/jackson/jackson-core-asl/1.9.13/jackson-core-asl-1.9.13.jar"/>
					</artifact>
				</artifacts>
			</revision>
			<revision name="1.8.8" evicted="latest-revision" evicted-reason="" downloaded="false" searched="false" conf="compile, runtime(*), master(compile), runtime, compile(*), master" position="-1">
				<evicted-by rev="1.9.13"/>
				<caller organisation="org.apache.avro" name="avro" conf="compile, runtime" rev="1.8.8" rev-constraint-default="1.8.8" rev-constraint-dynamic="1.8.8" callerrev="1.7.4"/>
				<artifacts>
				</artifacts>
			</revision>
			<revision name="1.8.3" evicted="latest-revision" evicted-reason="" downloaded="false" searched="false" conf="compile, runtime(*), master(compile), runtime, compile(*), master" position="-1">
				<evicted-by rev="1.9.13"/>
				<caller organisation="com.sun.jersey" name="jersey-json" conf="compile, runtime" rev="1.8.3" rev-constraint-default="1.8.3" rev-constraint-dynamic="1.8.3" callerrev="1.9"/>
				<artifacts>
				</artifacts>
			</revision>
		</module>
		<module organisation="com.sun.jersey" name="jersey-client">
			<revision name="1.9" status="release" pubdate="20110902061806" resolver="sbt-chain" artresolver="sbt-chain" homepage="" downloaded="false" searched="false" default="false" conf="compile, runtime(*), master(compile), runtime, compile(*), master" position="19">
				<license name="CDDL 1.1" url="http://glassfish.java.net/public/CDDL+GPL_1_1.html"/>
				<license name="GPL2 w/ CPE" url="http://glassfish.java.net/public/CDDL+GPL_1_1.html"/>
				<metadata-artifact status="no" details="" size="4811" time="0" location="C:\Users\Ashwani-PC\.ivy2\cache\com.sun.jersey\jersey-client\ivy-1.9.xml" searched="false" origin-is-local="false" origin-location="https://repo1.maven.org/maven2/com/sun/jersey/jersey-client/1.9/jersey-client-1.9.pom"/>
				<caller organisation="org.apache.hadoop" name="hadoop-yarn-common" conf="compile, runtime" rev="1.9" rev-constraint-default="1.9" rev-constraint-dynamic="1.9" callerrev="2.8.1"/>
				<artifacts>
					<artifact name="jersey-client" type="bundle" ext="jar" status="no" details="" size="130458" time="0" location="C:\Users\Ashwani-PC\.ivy2\cache\com.sun.jersey\jersey-client\bundles\jersey-client-1.9.jar">
						<origin-location is-local="false" location="https://repo1.maven.org/maven2/com/sun/jersey/jersey-client/1.9/jersey-client-1.9.jar"/>
					</artifact>
				</artifacts>
			</revision>
		</module>
		<module organisation="com.sun.jersey" name="jersey-core">
			<revision name="1.9" status="release" pubdate="20110902061655" resolver="sbt-chain" artresolver="sbt-chain" homepage="" downloaded="false" searched="false" default="false" conf="compile, runtime(*), master(compile), runtime, compile(*), master" position="18">
				<license name="CDDL 1.1" url="http://glassfish.java.net/public/CDDL+GPL_1_1.html"/>
				<license name="GPL2 w/ CPE" url="http://glassfish.java.net/public/CDDL+GPL_1_1.html"/>
				<metadata-artifact status="no" details="" size="5262" time="0" location="C:\Users\Ashwani-PC\.ivy2\cache\com.sun.jersey\jersey-core\ivy-1.9.xml" searched="false" origin-is-local="false" origin-location="https://repo1.maven.org/maven2/com/sun/jersey/jersey-core/1.9/jersey-core-1.9.pom"/>
				<caller organisation="org.apache.hadoop" name="hadoop-yarn-common" conf="compile, runtime" rev="1.9" rev-constraint-default="1.9" rev-constraint-dynamic="1.9" callerrev="2.8.1"/>
				<artifacts>
					<artifact name="jersey-core" type="bundle" ext="jar" status="no" details="" size="458739" time="0" location="C:\Users\Ashwani-PC\.ivy2\cache\com.sun.jersey\jersey-core\bundles\jersey-core-1.9.jar">
						<origin-location is-local="false" location="https://repo1.maven.org/maven2/com/sun/jersey/jersey-core/1.9/jersey-core-1.9.jar"/>
					</artifact>
				</artifacts>
			</revision>
		</module>
		<module organisation="org.mortbay.jetty" name="jetty-util">
			<revision name="6.1.26" status="release" pubdate="20101110153810" resolver="sbt-chain" artresolver="sbt-chain" homepage="" downloaded="false" searched="false" default="false" conf="compile, runtime(*), master(compile), runtime, compile(*), master" position="17">
				<license name="Apache Software License - Version 2.0" url="http://www.apache.org/licenses/LICENSE-2.0"/>
				<license name="Eclipse Public License - Version 1.0" url="http://www.eclipse.org/org/documents/epl-v10.php"/>
				<metadata-artifact status="no" details="" size="6842" time="0" location="C:\Users\Ashwani-PC\.ivy2\cache\org.mortbay.jetty\jetty-util\ivy-6.1.26.xml" searched="false" origin-is-local="false" origin-location="https://repo1.maven.org/maven2/org/mortbay/jetty/jetty-util/6.1.26/jetty-util-6.1.26.pom"/>
				<caller organisation="org.apache.hadoop" name="hadoop-yarn-common" conf="compile, runtime" rev="6.1.26" rev-constraint-default="6.1.26" rev-constraint-dynamic="6.1.26" callerrev="2.8.1"/>
				<caller organisation="org.mortbay.jetty" name="jetty" conf="compile, runtime" rev="6.1.14" rev-constraint-default="6.1.14" rev-constraint-dynamic="6.1.14" callerrev="6.1.14"/>
				<caller organisation="org.apache.hadoop" name="hadoop-core" conf="default, compile, runtime, master" rev="6.1.14" rev-constraint-default="6.1.14" rev-constraint-dynamic="6.1.14" callerrev="0.20.2"/>
				<artifacts>
					<artifact name="jetty-util" type="jar" ext="jar" status="no" details="" size="177131" time="0" location="C:\Users\Ashwani-PC\.ivy2\cache\org.mortbay.jetty\jetty-util\jars\jetty-util-6.1.26.jar">
						<origin-location is-local="false" location="https://repo1.maven.org/maven2/org/mortbay/jetty/jetty-util/6.1.26/jetty-util-6.1.26.jar"/>
					</artifact>
				</artifacts>
			</revision>
			<revision name="6.1.14" evicted="latest-revision" evicted-reason="" downloaded="false" searched="false" conf="compile, runtime(*), master(compile), runtime, compile(*), master" position="-1">
				<evicted-by rev="6.1.26"/>
				<caller organisation="org.mortbay.jetty" name="jetty" conf="compile, runtime" rev="6.1.14" rev-constraint-default="6.1.14" rev-constraint-dynamic="6.1.14" callerrev="6.1.14"/>
				<caller organisation="org.apache.hadoop" name="hadoop-core" conf="default, compile, runtime, master" rev="6.1.14" rev-constraint-default="6.1.14" rev-constraint-dynamic="6.1.14" callerrev="0.20.2"/>
				<artifacts>
				</artifacts>
			</revision>
		</module>
		<module organisation="commons-codec" name="commons-codec">
			<revision name="1.4" status="release" pubdate="20090809162217" resolver="sbt-chain" artresolver="sbt-chain" homepage="http://commons.apache.org/codec/" downloaded="false" searched="false" default="false" conf="compile, runtime(*), master(compile), runtime, compile(*), master" position="16">
				<license name="The Apache Software License, Version 2.0" url="http://www.apache.org/licenses/LICENSE-2.0.txt"/>
				<metadata-artifact status="no" details="" size="5284" time="0" location="C:\Users\Ashwani-PC\.ivy2\cache\commons-codec\commons-codec\ivy-1.4.xml" searched="false" origin-is-local="false" origin-location="https://repo1.maven.org/maven2/commons-codec/commons-codec/1.4/commons-codec-1.4.pom"/>
				<caller organisation="org.apache.hadoop" name="hadoop-yarn-common" conf="compile, runtime" rev="1.4" rev-constraint-default="1.4" rev-constraint-dynamic="1.4" callerrev="2.8.1"/>
				<caller organisation="net.java.dev.jets3t" name="jets3t" conf="compile, runtime" rev="1.3" rev-constraint-default="1.3" rev-constraint-dynamic="1.3" callerrev="0.7.1"/>
				<caller organisation="commons-httpclient" name="commons-httpclient" conf="compile, runtime" rev="1.2" rev-constraint-default="1.2" rev-constraint-dynamic="1.2" callerrev="3.0.1"/>
				<caller organisation="org.apache.hadoop" name="hadoop-core" conf="default, compile, runtime, master" rev="1.3" rev-constraint-default="1.3" rev-constraint-dynamic="1.3" callerrev="0.20.2"/>
				<artifacts>
					<artifact name="commons-codec" type="jar" ext="jar" status="no" details="" size="58160" time="0" location="C:\Users\Ashwani-PC\.ivy2\cache\commons-codec\commons-codec\jars\commons-codec-1.4.jar">
						<origin-location is-local="false" location="https://repo1.maven.org/maven2/commons-codec/commons-codec/1.4/commons-codec-1.4.jar"/>
					</artifact>
				</artifacts>
			</revision>
			<revision name="1.3" evicted="latest-revision" evicted-reason="" downloaded="false" searched="false" conf="compile, runtime(*), master(compile), runtime, compile(*), master" position="-1">
				<evicted-by rev="1.4"/>
				<caller organisation="net.java.dev.jets3t" name="jets3t" conf="compile, runtime" rev="1.3" rev-constraint-default="1.3" rev-constraint-dynamic="1.3" callerrev="0.7.1"/>
				<caller organisation="commons-httpclient" name="commons-httpclient" conf="compile, runtime" rev="1.2" rev-constraint-default="1.2" rev-constraint-dynamic="1.2" callerrev="3.0.1"/>
				<caller organisation="org.apache.hadoop" name="hadoop-core" conf="default, compile, runtime, master" rev="1.3" rev-constraint-default="1.3" rev-constraint-dynamic="1.3" callerrev="0.20.2"/>
				<artifacts>
				</artifacts>
			</revision>
			<revision name="1.2" evicted="latest-revision" evicted-reason="" downloaded="false" searched="false" conf="compile, runtime(*), master(compile), runtime, compile(*)" position="-1">
				<evicted-by rev="1.4"/>
				<caller organisation="commons-httpclient" name="commons-httpclient" conf="compile, runtime" rev="1.2" rev-constraint-default="1.2" rev-constraint-dynamic="1.2" callerrev="3.0.1"/>
				<artifacts>
				</artifacts>
			</revision>
		</module>
		<module organisation="javax.servlet" name="servlet-api">
			<revision name="2.5" status="release" pubdate="20060717060957" resolver="sbt-chain" artresolver="sbt-chain" homepage="" downloaded="false" searched="false" default="false" conf="compile, runtime(*), master(compile), runtime, compile(*), master" position="15">
				<metadata-artifact status="no" details="" size="2347" time="0" location="C:\Users\Ashwani-PC\.ivy2\cache\javax.servlet\servlet-api\ivy-2.5.xml" searched="false" origin-is-local="false" origin-location="https://repo1.maven.org/maven2/javax/servlet/servlet-api/2.5/servlet-api-2.5.pom"/>
				<caller organisation="org.apache.hadoop" name="hadoop-yarn-common" conf="compile, runtime" rev="2.5" rev-constraint-default="2.5" rev-constraint-dynamic="2.5" callerrev="2.8.1"/>
				<artifacts>
					<artifact name="servlet-api" type="jar" ext="jar" status="no" details="" size="105112" time="0" location="C:\Users\Ashwani-PC\.ivy2\cache\javax.servlet\servlet-api\jars\servlet-api-2.5.jar">
						<origin-location is-local="false" location="https://repo1.maven.org/maven2/javax/servlet/servlet-api/2.5/servlet-api-2.5.jar"/>
					</artifact>
				</artifacts>
			</revision>
		</module>
		<module organisation="org.apache.commons" name="commons-compress">
			<revision name="1.4.1" status="release" pubdate="20120521235732" resolver="sbt-chain" artresolver="sbt-chain" homepage="http://commons.apache.org/compress/" downloaded="false" searched="false" default="false" conf="compile, runtime(*), master(compile), runtime, compile(*), master" position="13">
				<license name="The Apache Software License, Version 2.0" url="http://www.apache.org/licenses/LICENSE-2.0.txt"/>
				<metadata-artifact status="no" details="" size="8218" time="0" location="C:\Users\Ashwani-PC\.ivy2\cache\org.apache.commons\commons-compress\ivy-1.4.1.xml" searched="false" origin-is-local="false" origin-location="https://repo1.maven.org/maven2/org/apache/commons/commons-compress/1.4.1/commons-compress-1.4.1.pom"/>
				<caller organisation="org.apache.hadoop" name="hadoop-yarn-common" conf="compile, runtime" rev="1.4.1" rev-constraint-default="1.4.1" rev-constraint-dynamic="1.4.1" callerrev="2.8.1"/>
				<caller organisation="org.apache.avro" name="avro" conf="compile, runtime" rev="1.4.1" rev-constraint-default="1.4.1" rev-constraint-dynamic="1.4.1" callerrev="1.7.4"/>
				<artifacts>
					<artifact name="commons-compress" type="jar" ext="jar" status="no" details="" size="241367" time="0" location="C:\Users\Ashwani-PC\.ivy2\cache\org.apache.commons\commons-compress\jars\commons-compress-1.4.1.jar">
						<origin-location is-local="false" location="https://repo1.maven.org/maven2/org/apache/commons/commons-compress/1.4.1/commons-compress-1.4.1.jar"/>
					</artifact>
				</artifacts>
			</revision>
		</module>
		<module organisation="org.tukaani" name="xz">
			<revision name="1.0" status="release" pubdate="20111022044446" resolver="sbt-chain" artresolver="sbt-chain" homepage="http://tukaani.org/xz/java.html" downloaded="false" searched="false" default="false" conf="compile, runtime(*), master(compile), runtime, compile(*), master" position="14">
				<license name="Public Domain"/>
				<metadata-artifact status="no" details="" size="2433" time="0" location="C:\Users\Ashwani-PC\.ivy2\cache\org.tukaani\xz\ivy-1.0.xml" searched="false" origin-is-local="false" origin-location="https://repo1.maven.org/maven2/org/tukaani/xz/1.0/xz-1.0.pom"/>
				<caller organisation="org.apache.commons" name="commons-compress" conf="compile, runtime" rev="1.0" rev-constraint-default="1.0" rev-constraint-dynamic="1.0" callerrev="1.4.1"/>
				<artifacts>
					<artifact name="xz" type="jar" ext="jar" status="no" details="" size="94672" time="0" location="C:\Users\Ashwani-PC\.ivy2\cache\org.tukaani\xz\jars\xz-1.0.jar">
						<origin-location is-local="false" location="https://repo1.maven.org/maven2/org/tukaani/xz/1.0/xz-1.0.jar"/>
					</artifact>
				</artifacts>
			</revision>
		</module>
		<module organisation="javax.xml.bind" name="jaxb-api">
			<revision name="2.2.2" status="release" pubdate="20101212214445" resolver="sbt-chain" artresolver="sbt-chain" homepage="https://jaxb.dev.java.net/" downloaded="false" searched="false" default="false" conf="compile, runtime(*), master(compile), runtime, compile(*), master" position="10">
				<license name="CDDL 1.1" url="https://glassfish.dev.java.net/public/CDDL+GPL_1_1.html"/>
				<license name="GPL2 w/ CPE" url="https://glassfish.dev.java.net/public/CDDL+GPL_1_1.html"/>
				<metadata-artifact status="no" details="" size="3033" time="0" location="C:\Users\Ashwani-PC\.ivy2\cache\javax.xml.bind\jaxb-api\ivy-2.2.2.xml" searched="false" origin-is-local="false" origin-location="https://repo1.maven.org/maven2/javax/xml/bind/jaxb-api/2.2.2/jaxb-api-2.2.2.pom"/>
				<caller organisation="org.apache.hadoop" name="hadoop-yarn-common" conf="compile, runtime" rev="2.2.2" rev-constraint-default="2.2.2" rev-constraint-dynamic="2.2.2" callerrev="2.8.1"/>
				<caller organisation="com.sun.xml.bind" name="jaxb-impl" conf="compile, runtime" rev="2.2.2" rev-constraint-default="2.2.2" rev-constraint-dynamic="2.2.2" callerrev="2.2.3-1"/>
				<artifacts>
					<artifact name="jaxb-api" type="jar" ext="jar" status="no" details="" size="105134" time="0" location="C:\Users\Ashwani-PC\.ivy2\cache\javax.xml.bind\jaxb-api\jars\jaxb-api-2.2.2.jar">
						<origin-location is-local="false" location="https://repo1.maven.org/maven2/javax/xml/bind/jaxb-api/2.2.2/jaxb-api-2.2.2.jar"/>
					</artifact>
				</artifacts>
			</revision>
		</module>
		<module organisation="javax.activation" name="activation">
			<revision name="1.1" status="release" pubdate="20060502184829" resolver="sbt-chain" artresolver="sbt-chain" homepage="http://java.sun.com/products/javabeans/jaf/index.jsp" downloaded="false" searched="false" default="false" conf="compile, runtime(*), master(compile), runtime, compile(*), master" position="12">
				<license name="Common Development and Distribution License (CDDL) v1.0" url="https://glassfish.dev.java.net/public/CDDLv1.0.html"/>
				<metadata-artifact status="no" details="" size="2874" time="0" location="C:\Users\Ashwani-PC\.ivy2\cache\javax.activation\activation\ivy-1.1.xml" searched="false" origin-is-local="false" origin-location="https://repo1.maven.org/maven2/javax/activation/activation/1.1/activation-1.1.pom"/>
				<caller organisation="javax.xml.bind" name="jaxb-api" conf="compile, runtime" rev="1.1" rev-constraint-default="1.1" rev-constraint-dynamic="1.1" callerrev="2.2.2"/>
				<artifacts>
					<artifact name="activation" type="jar" ext="jar" status="no" details="" size="62983" time="0" location="C:\Users\Ashwani-PC\.ivy2\cache\javax.activation\activation\jars\activation-1.1.jar">
						<origin-location is-local="false" location="https://repo1.maven.org/maven2/javax/activation/activation/1.1/activation-1.1.jar"/>
					</artifact>
				</artifacts>
			</revision>
		</module>
		<module organisation="javax.xml.stream" name="stax-api">
			<revision name="1.0-2" status="release" pubdate="20081004125903" resolver="sbt-chain" artresolver="sbt-chain" homepage="" downloaded="false" searched="false" default="false" conf="compile, runtime(*), master(compile), runtime, compile(*), master" position="11">
				<license name="GNU General Public Library" url="http://www.gnu.org/licenses/gpl.txt"/>
				<license name="COMMON DEVELOPMENT AND DISTRIBUTION LICENSE (CDDL) Version 1.0" url="http://www.sun.com/cddl/cddl.html"/>
				<metadata-artifact status="no" details="" size="2684" time="0" location="C:\Users\Ashwani-PC\.ivy2\cache\javax.xml.stream\stax-api\ivy-1.0-2.xml" searched="false" origin-is-local="false" origin-location="https://repo1.maven.org/maven2/javax/xml/stream/stax-api/1.0-2/stax-api-1.0-2.pom"/>
				<caller organisation="javax.xml.bind" name="jaxb-api" conf="compile, runtime" rev="1.0-2" rev-constraint-default="1.0-2" rev-constraint-dynamic="1.0-2" callerrev="2.2.2"/>
				<artifacts>
					<artifact name="stax-api" type="jar" ext="jar" status="no" details="" size="23346" time="0" location="C:\Users\Ashwani-PC\.ivy2\cache\javax.xml.stream\stax-api\jars\stax-api-1.0-2.jar">
						<origin-location is-local="false" location="https://repo1.maven.org/maven2/javax/xml/stream/stax-api/1.0-2/stax-api-1.0-2.jar"/>
					</artifact>
				</artifacts>
			</revision>
		</module>
		<module organisation="org.apache.hadoop" name="hadoop-yarn-api">
			<revision name="2.8.1" status="release" pubdate="20170607162858" resolver="sbt-chain" artresolver="sbt-chain" homepage="" downloaded="false" searched="false" default="false" conf="compile, runtime(*), master(compile), runtime, compile(*), master" position="3">
				<license name="Apache License, Version 2.0" url="http://www.apache.org/licenses/LICENSE-2.0.txt"/>
				<metadata-artifact status="no" details="" size="38655" time="0" location="C:\Users\Ashwani-PC\.ivy2\cache\org.apache.hadoop\hadoop-yarn-api\ivy-2.8.1.xml" searched="false" origin-is-local="false" origin-location="https://repo1.maven.org/maven2/org/apache/hadoop/hadoop-yarn-api/2.8.1/hadoop-yarn-api-2.8.1.pom"/>
				<caller organisation="org.apache.hadoop" name="hadoop-yarn-common" conf="compile, runtime" rev="2.8.1" rev-constraint-default="2.8.1" rev-constraint-dynamic="2.8.1" callerrev="2.8.1"/>
				<artifacts>
					<artifact name="hadoop-yarn-api" type="jar" ext="jar" status="no" details="" size="2455564" time="0" location="C:\Users\Ashwani-PC\.ivy2\cache\org.apache.hadoop\hadoop-yarn-api\jars\hadoop-yarn-api-2.8.1.jar">
						<origin-location is-local="false" location="https://repo1.maven.org/maven2/org/apache/hadoop/hadoop-yarn-api/2.8.1/hadoop-yarn-api-2.8.1.jar"/>
					</artifact>
				</artifacts>
			</revision>
		</module>
		<module organisation="com.google.protobuf" name="protobuf-java">
			<revision name="2.5.0" status="release" pubdate="20130307181811" resolver="sbt-chain" artresolver="sbt-chain" homepage="http://code.google.com/p/protobuf" downloaded="false" searched="false" default="false" conf="compile, runtime(*), master(compile), runtime, compile(*), master" position="9">
				<license name="New BSD license" url="http://www.opensource.org/licenses/bsd-license.php"/>
				<metadata-artifact status="no" details="" size="3175" time="0" location="C:\Users\Ashwani-PC\.ivy2\cache\com.google.protobuf\protobuf-java\ivy-2.5.0.xml" searched="false" origin-is-local="false" origin-location="https://repo1.maven.org/maven2/com/google/protobuf/protobuf-java/2.5.0/protobuf-java-2.5.0.pom"/>
				<caller organisation="org.apache.hadoop" name="hadoop-yarn-api" conf="compile, runtime" rev="2.5.0" rev-constraint-default="2.5.0" rev-constraint-dynamic="2.5.0" callerrev="2.8.1"/>
				<caller organisation="org.apache.hadoop" name="hadoop-yarn-common" conf="compile, runtime" rev="2.5.0" rev-constraint-default="2.5.0" rev-constraint-dynamic="2.5.0" callerrev="2.8.1"/>
				<caller organisation="org.apache.hadoop" name="hadoop-mapreduce-client-core" conf="default, compile, runtime, master" rev="2.5.0" rev-constraint-default="2.5.0" rev-constraint-dynamic="2.5.0" callerrev="2.8.1"/>
				<artifacts>
					<artifact name="protobuf-java" type="bundle" ext="jar" status="no" details="" size="533455" time="0" location="C:\Users\Ashwani-PC\.ivy2\cache\com.google.protobuf\protobuf-java\bundles\protobuf-java-2.5.0.jar">
						<origin-location is-local="false" location="https://repo1.maven.org/maven2/com/google/protobuf/protobuf-java/2.5.0/protobuf-java-2.5.0.jar"/>
					</artifact>
				</artifacts>
			</revision>
		</module>
		<module organisation="org.apache.hadoop" name="hadoop-annotations">
			<revision name="2.8.1" status="release" pubdate="20170607162116" resolver="sbt-chain" artresolver="sbt-chain" homepage="" downloaded="false" searched="false" default="false" conf="compile, runtime(*), master(compile), runtime, compile(*), master" position="8">
				<license name="Apache License, Version 2.0" url="http://www.apache.org/licenses/LICENSE-2.0.txt"/>
				<metadata-artifact status="no" details="" size="34746" time="0" location="C:\Users\Ashwani-PC\.ivy2\cache\org.apache.hadoop\hadoop-annotations\ivy-2.8.1.xml" searched="false" origin-is-local="false" origin-location="https://repo1.maven.org/maven2/org/apache/hadoop/hadoop-annotations/2.8.1/hadoop-annotations-2.8.1.pom"/>
				<caller organisation="org.apache.hadoop" name="hadoop-yarn-api" conf="compile, runtime" rev="2.8.1" rev-constraint-default="2.8.1" rev-constraint-dynamic="2.8.1" callerrev="2.8.1"/>
				<caller organisation="org.apache.hadoop" name="hadoop-yarn-common" conf="compile, runtime" rev="2.8.1" rev-constraint-default="2.8.1" rev-constraint-dynamic="2.8.1" callerrev="2.8.1"/>
				<caller organisation="org.apache.hadoop" name="hadoop-mapreduce-client-core" conf="default, compile, runtime, master" rev="2.8.1" rev-constraint-default="2.8.1" rev-constraint-dynamic="2.8.1" callerrev="2.8.1"/>
				<artifacts>
					<artifact name="hadoop-annotations" type="jar" ext="jar" status="no" details="" size="45974" time="0" location="C:\Users\Ashwani-PC\.ivy2\cache\org.apache.hadoop\hadoop-annotations\jars\hadoop-annotations-2.8.1.jar">
						<origin-location is-local="false" location="https://repo1.maven.org/maven2/org/apache/hadoop/hadoop-annotations/2.8.1/hadoop-annotations-2.8.1.jar"/>
					</artifact>
				</artifacts>
			</revision>
		</module>
		<module organisation="commons-logging" name="commons-logging">
			<revision name="1.1.3" status="release" pubdate="20130516150523" resolver="sbt-chain" artresolver="sbt-chain" homepage="http://commons.apache.org/proper/commons-logging/" downloaded="false" searched="false" default="false" conf="compile, runtime(*), master(compile), runtime, compile(*), master" position="7">
				<license name="The Apache Software License, Version 2.0" url="http://www.apache.org/licenses/LICENSE-2.0.txt"/>
				<metadata-artifact status="no" details="" size="10440" time="0" location="C:\Users\Ashwani-PC\.ivy2\cache\commons-logging\commons-logging\ivy-1.1.3.xml" searched="false" origin-is-local="false" origin-location="https://repo1.maven.org/maven2/commons-logging/commons-logging/1.1.3/commons-logging-1.1.3.pom"/>
				<caller organisation="org.apache.hadoop" name="hadoop-yarn-api" conf="compile, runtime" rev="1.1.3" rev-constraint-default="1.1.3" rev-constraint-dynamic="1.1.3" callerrev="2.8.1"/>
				<caller organisation="org.apache.hadoop" name="hadoop-yarn-common" conf="compile, runtime" rev="1.1.3" rev-constraint-default="1.1.3" rev-constraint-dynamic="1.1.3" callerrev="2.8.1"/>
				<caller organisation="net.java.dev.jets3t" name="jets3t" conf="compile, runtime" rev="1.1.1" rev-constraint-default="1.1.1" rev-constraint-dynamic="1.1.1" callerrev="0.7.1"/>
				<caller organisation="commons-el" name="commons-el" conf="compile, runtime" rev="1.0.3" rev-constraint-default="1.0.3" rev-constraint-dynamic="1.0.3" callerrev="1.0"/>
				<caller organisation="commons-httpclient" name="commons-httpclient" conf="compile, runtime" rev="1.0.3" rev-constraint-default="1.0.3" rev-constraint-dynamic="1.0.3" callerrev="3.0.1"/>
				<artifacts>
					<artifact name="commons-logging" type="jar" ext="jar" status="no" details="" size="62050" time="0" location="C:\Users\Ashwani-PC\.ivy2\cache\commons-logging\commons-logging\jars\commons-logging-1.1.3.jar">
						<origin-location is-local="false" location="https://repo1.maven.org/maven2/commons-logging/commons-logging/1.1.3/commons-logging-1.1.3.jar"/>
					</artifact>
				</artifacts>
			</revision>
			<revision name="1.1.1" evicted="latest-revision" evicted-reason="" downloaded="false" searched="false" conf="compile, runtime(*), master(compile), runtime, compile(*), master" position="-1">
				<evicted-by rev="1.1.3"/>
				<caller organisation="net.java.dev.jets3t" name="jets3t" conf="compile, runtime" rev="1.1.1" rev-constraint-default="1.1.1" rev-constraint-dynamic="1.1.1" callerrev="0.7.1"/>
				<caller organisation="commons-el" name="commons-el" conf="compile, runtime" rev="1.0.3" rev-constraint-default="1.0.3" rev-constraint-dynamic="1.0.3" callerrev="1.0"/>
				<caller organisation="commons-httpclient" name="commons-httpclient" conf="compile, runtime" rev="1.0.3" rev-constraint-default="1.0.3" rev-constraint-dynamic="1.0.3" callerrev="3.0.1"/>
				<artifacts>
				</artifacts>
			</revision>
			<revision name="1.0.3" evicted="latest-revision" evicted-reason="" downloaded="false" searched="false" conf="compile, runtime(*), master(compile), runtime, compile(*), master" position="-1">
				<evicted-by rev="1.1.3"/>
				<caller organisation="commons-el" name="commons-el" conf="compile, runtime" rev="1.0.3" rev-constraint-default="1.0.3" rev-constraint-dynamic="1.0.3" callerrev="1.0"/>
				<caller organisation="commons-httpclient" name="commons-httpclient" conf="compile, runtime" rev="1.0.3" rev-constraint-default="1.0.3" rev-constraint-dynamic="1.0.3" callerrev="3.0.1"/>
				<artifacts>
				</artifacts>
			</revision>
		</module>
		<module organisation="log4j" name="log4j">
			<revision name="1.2.17" status="release" pubdate="20120526044339" resolver="sbt-chain" artresolver="sbt-chain" homepage="http://logging.apache.org/log4j/1.2/" downloaded="false" searched="false" default="false" conf="compile, runtime(*), master(compile), runtime, compile(*), master" position="38">
				<license name="The Apache Software License, Version 2.0" url="http://www.apache.org/licenses/LICENSE-2.0.txt"/>
				<metadata-artifact status="no" details="" size="3708" time="0" location="C:\Users\Ashwani-PC\.ivy2\cache\log4j\log4j\ivy-1.2.17.xml" searched="false" origin-is-local="false" origin-location="https://repo1.maven.org/maven2/log4j/log4j/1.2.17/log4j-1.2.17.pom"/>
				<caller organisation="org.apache.hadoop" name="hadoop-yarn-common" conf="compile, runtime" rev="1.2.17" rev-constraint-default="1.2.17" rev-constraint-dynamic="1.2.17" callerrev="2.8.1"/>
				<caller organisation="org.slf4j" name="slf4j-log4j12" conf="compile, runtime" rev="1.2.17" rev-constraint-default="1.2.17" rev-constraint-dynamic="1.2.17" callerrev="1.7.10"/>
				<artifacts>
					<artifact name="log4j" type="bundle" ext="jar" status="no" details="" size="489884" time="0" location="C:\Users\Ashwani-PC\.ivy2\cache\log4j\log4j\bundles\log4j-1.2.17.jar">
						<origin-location is-local="false" location="https://repo1.maven.org/maven2/log4j/log4j/1.2.17/log4j-1.2.17.jar"/>
					</artifact>
				</artifacts>
			</revision>
		</module>
		<module organisation="oro" name="oro">
			<revision name="2.0.8" status="release" pubdate="20051108162901" resolver="sbt-chain" artresolver="sbt-chain" homepage="" downloaded="false" searched="false" default="false" conf="compile, runtime(*), master(compile), runtime, compile(*), master" position="48">
				<metadata-artifact status="no" details="" size="2323" time="0" location="C:\Users\Ashwani-PC\.ivy2\cache\oro\oro\ivy-2.0.8.xml" searched="false" origin-is-local="false" origin-location="https://repo1.maven.org/maven2/oro/oro/2.0.8/oro-2.0.8.pom"/>
				<caller organisation="commons-net" name="commons-net" conf="compile, runtime" rev="2.0.8" rev-constraint-default="2.0.8" rev-constraint-dynamic="2.0.8" callerrev="1.4.1"/>
				<caller organisation="org.apache.hadoop" name="hadoop-core" conf="default, compile, runtime, master" rev="2.0.8" rev-constraint-default="2.0.8" rev-constraint-dynamic="2.0.8" callerrev="0.20.2"/>
				<artifacts>
					<artifact name="oro" type="jar" ext="jar" status="no" details="" size="65261" time="0" location="C:\Users\Ashwani-PC\.ivy2\cache\oro\oro\jars\oro-2.0.8.jar">
						<origin-location is-local="false" location="https://repo1.maven.org/maven2/oro/oro/2.0.8/oro-2.0.8.jar"/>
					</artifact>
				</artifacts>
			</revision>
		</module>
		<module organisation="com.google.guava" name="guava">
			<revision name="11.0.2" status="release" pubdate="20120222080217" resolver="sbt-chain" artresolver="sbt-chain" homepage="" downloaded="false" searched="false" default="false" conf="compile, runtime(*), master(compile), runtime, compile(*), master" position="5">
				<license name="The Apache Software License, Version 2.0" url="http://www.apache.org/licenses/LICENSE-2.0.txt"/>
				<metadata-artifact status="no" details="" size="4132" time="0" location="C:\Users\Ashwani-PC\.ivy2\cache\com.google.guava\guava\ivy-11.0.2.xml" searched="false" origin-is-local="false" origin-location="https://repo1.maven.org/maven2/com/google/guava/guava/11.0.2/guava-11.0.2.pom"/>
				<caller organisation="org.apache.hadoop" name="hadoop-yarn-api" conf="compile, runtime" rev="11.0.2" rev-constraint-default="11.0.2" rev-constraint-dynamic="11.0.2" callerrev="2.8.1"/>
				<caller organisation="org.apache.hadoop" name="hadoop-yarn-common" conf="compile, runtime" rev="11.0.2" rev-constraint-default="11.0.2" rev-constraint-dynamic="11.0.2" callerrev="2.8.1"/>
				<artifacts>
					<artifact name="guava" type="jar" ext="jar" status="no" details="" size="1648200" time="0" location="C:\Users\Ashwani-PC\.ivy2\cache\com.google.guava\guava\jars\guava-11.0.2.jar">
						<origin-location is-local="false" location="https://repo1.maven.org/maven2/com/google/guava/guava/11.0.2/guava-11.0.2.jar"/>
					</artifact>
				</artifacts>
			</revision>
		</module>
		<module organisation="com.google.code.findbugs" name="jsr305">
			<revision name="1.3.9" status="release" pubdate="20090824172822" resolver="sbt-chain" artresolver="sbt-chain" homepage="http://findbugs.sourceforge.net/" downloaded="false" searched="false" default="false" conf="compile, runtime(*), master(compile), runtime, compile(*), master" position="6">
				<license name="The Apache Software License, Version 2.0" url="http://www.apache.org/licenses/LICENSE-2.0.txt"/>
				<metadata-artifact status="no" details="" size="2549" time="0" location="C:\Users\Ashwani-PC\.ivy2\cache\com.google.code.findbugs\jsr305\ivy-1.3.9.xml" searched="false" origin-is-local="false" origin-location="https://repo1.maven.org/maven2/com/google/code/findbugs/jsr305/1.3.9/jsr305-1.3.9.pom"/>
				<caller organisation="com.google.guava" name="guava" conf="compile, runtime" rev="1.3.9" rev-constraint-default="1.3.9" rev-constraint-dynamic="1.3.9" callerrev="11.0.2"/>
				<artifacts>
					<artifact name="jsr305" type="jar" ext="jar" status="no" details="" size="33015" time="0" location="C:\Users\Ashwani-PC\.ivy2\cache\com.google.code.findbugs\jsr305\jars\jsr305-1.3.9.jar">
						<origin-location is-local="false" location="https://repo1.maven.org/maven2/com/google/code/findbugs/jsr305/1.3.9/jsr305-1.3.9.jar"/>
					</artifact>
				</artifacts>
			</revision>
		</module>
		<module organisation="commons-lang" name="commons-lang">
			<revision name="2.6" status="release" pubdate="20110116162147" resolver="sbt-chain" artresolver="sbt-chain" homepage="http://commons.apache.org/lang/" downloaded="false" searched="false" default="false" conf="compile, runtime(*), master(compile), runtime, compile(*), master" position="4">
				<license name="The Apache Software License, Version 2.0" url="http://www.apache.org/licenses/LICENSE-2.0.txt"/>
				<metadata-artifact status="no" details="" size="6701" time="0" location="C:\Users\Ashwani-PC\.ivy2\cache\commons-lang\commons-lang\ivy-2.6.xml" searched="false" origin-is-local="false" origin-location="https://repo1.maven.org/maven2/commons-lang/commons-lang/2.6/commons-lang-2.6.pom"/>
				<caller organisation="org.apache.hadoop" name="hadoop-yarn-api" conf="compile, runtime" rev="2.6" rev-constraint-default="2.6" rev-constraint-dynamic="2.6" callerrev="2.8.1"/>
				<caller organisation="org.apache.hadoop" name="hadoop-yarn-common" conf="compile, runtime" rev="2.6" rev-constraint-default="2.6" rev-constraint-dynamic="2.6" callerrev="2.8.1"/>
				<artifacts>
					<artifact name="commons-lang" type="jar" ext="jar" status="no" details="" size="284220" time="0" location="C:\Users\Ashwani-PC\.ivy2\cache\commons-lang\commons-lang\jars\commons-lang-2.6.jar">
						<origin-location is-local="false" location="https://repo1.maven.org/maven2/commons-lang/commons-lang/2.6/commons-lang-2.6.jar"/>
					</artifact>
				</artifacts>
			</revision>
		</module>
		<module organisation="org.joda" name="joda-convert">
			<revision name="1.2" status="release" pubdate="20111027145117" resolver="sbt-chain" artresolver="sbt-chain" homepage="http://joda-convert.sourceforge.net" downloaded="false" searched="false" default="false" conf="default, compile, runtime, default(compile), master" position="0">
				<license name="Apache 2" url="http://www.apache.org/licenses/LICENSE-2.0.txt"/>
				<metadata-artifact status="no" details="" size="3281" time="0" location="C:\Users\Ashwani-PC\.ivy2\cache\org.joda\joda-convert\ivy-1.2.xml" searched="false" origin-is-local="false" origin-location="https://repo1.maven.org/maven2/org/joda/joda-convert/1.2/joda-convert-1.2.pom"/>
				<caller organisation="junit-test-coverage" name="junit-test-coverage" conf="test, compile, runtime" rev="1.2" rev-constraint-default="1.2" rev-constraint-dynamic="1.2" callerrev="1.0"/>
				<artifacts>
					<artifact name="joda-convert" type="jar" ext="jar" status="no" details="" size="38460" time="0" location="C:\Users\Ashwani-PC\.ivy2\cache\org.joda\joda-convert\jars\joda-convert-1.2.jar">
						<origin-location is-local="false" location="https://repo1.maven.org/maven2/org/joda/joda-convert/1.2/joda-convert-1.2.jar"/>
					</artifact>
				</artifacts>
			</revision>
		</module>
	</dependencies>
</ivy-report>
